Unity Editor version:    2022.1.23f1 (9636b062134a)
Branch:                  2022.1/staging
Build type:              Release
Batch mode:              YES
macOS version:           Version 11.4 (Build 20F71)
Darwin version:          20.5.0
Architecture:            arm64
Running under Rosetta:   NO
Available memory:        16384 MB
Using pre-set license
Pro License: YES

COMMAND LINE ARGUMENTS:
/Applications/Unity/Hub/Editor/2022.1.23f1/Unity.app/Contents/MacOS/Unity
-adb2
-batchMode
-noUpm
-name
AssetImportWorker28
-projectPath
/Users/mona/Documents/GameDev/ECS657U-N/Mona
-logFile
Logs/AssetImportWorker28.log
-srvPort
55976
Successfully changed project path to: /Users/mona/Documents/GameDev/ECS657U-N/Mona
/Users/mona/Documents/GameDev/ECS657U-N/Mona
[UnityMemory] Configuration Parameters - Can be set up in boot.config
    "memorysetup-bucket-allocator-granularity=16"
    "memorysetup-bucket-allocator-bucket-count=8"
    "memorysetup-bucket-allocator-block-size=33554432"
    "memorysetup-bucket-allocator-block-count=8"
    "memorysetup-main-allocator-block-size=16777216"
    "memorysetup-thread-allocator-block-size=16777216"
    "memorysetup-gfx-main-allocator-block-size=16777216"
    "memorysetup-gfx-thread-allocator-block-size=16777216"
    "memorysetup-cache-allocator-block-size=4194304"
    "memorysetup-typetree-allocator-block-size=2097152"
    "memorysetup-profiler-bucket-allocator-granularity=16"
    "memorysetup-profiler-bucket-allocator-bucket-count=8"
    "memorysetup-profiler-bucket-allocator-block-size=33554432"
    "memorysetup-profiler-bucket-allocator-block-count=8"
    "memorysetup-profiler-allocator-block-size=16777216"
    "memorysetup-profiler-editor-allocator-block-size=1048576"
    "memorysetup-temp-allocator-size-main=16777216"
    "memorysetup-job-temp-allocator-block-size=2097152"
    "memorysetup-job-temp-allocator-block-size-background=1048576"
    "memorysetup-job-temp-allocator-reduction-small-platforms=262144"
    "memorysetup-temp-allocator-size-background-worker=32768"
    "memorysetup-temp-allocator-size-job-worker=262144"
    "memorysetup-temp-allocator-size-preload-manager=33554432"
    "memorysetup-temp-allocator-size-nav-mesh-worker=65536"
    "memorysetup-temp-allocator-size-audio-worker=65536"
    "memorysetup-temp-allocator-size-cloud-worker=32768"
    "memorysetup-temp-allocator-size-gi-baking-worker=262144"
    "memorysetup-temp-allocator-size-gfx=262144"
Refreshing native plugins compatible for Editor in 80.61 ms, found 1 plugins.
Preloading 0 native plugins for Editor in 0.00 ms.
Initialize engine version: 2022.1.23f1 (9636b062134a)
[Subsystems] Discovering subsystems at path /Applications/Unity/Hub/Editor/2022.1.23f1/Unity.app/Contents/Resources/UnitySubsystems
[Subsystems] Discovering subsystems at path /Users/mona/Documents/GameDev/ECS657U-N/Mona/Assets
GfxDevice: creating device client; threaded=0; jobified=0
 preferred device: Apple M1 (high power)
Metal devices available: 1
0: Apple M1 (high power)
Using device Apple M1 (high power)
Initializing Metal device caps: Apple M1
Initialize mono
Mono path[0] = '/Applications/Unity/Hub/Editor/2022.1.23f1/Unity.app/Contents/Managed'
Mono path[1] = '/Applications/Unity/Hub/Editor/2022.1.23f1/Unity.app/Contents/MonoBleedingEdge/lib/mono/unityjit-macos'
Mono config path = '/Applications/Unity/Hub/Editor/2022.1.23f1/Unity.app/Contents/MonoBleedingEdge/etc'
Using monoOptions --debugger-agent=transport=dt_socket,embedding=1,server=y,suspend=n,address=127.0.0.1:56842
Begin MonoManager ReloadAssembly
Registering precompiled unity dll's ...
Register platform support module: /Applications/Unity/Hub/Editor/2022.1.23f1/Unity.app/Contents/PlaybackEngines/MacStandaloneSupport/UnityEditor.OSXStandalone.Extensions.dll
Registered in 0.001903 seconds.
Native extension for OSXStandalone target not found
Refreshing native plugins compatible for Editor in 74.12 ms, found 1 plugins.
Preloading 0 native plugins for Editor in 0.00 ms.
Mono: successfully reloaded assembly
- Completed reload, in  0.519 seconds
Domain Reload Profiling:
	ReloadAssembly (520ms)
		BeginReloadAssembly (89ms)
			ExecutionOrderSort (0ms)
			DisableScriptedObjects (0ms)
			BackupInstance (0ms)
			ReleaseScriptingObjects (0ms)
			CreateAndSetChildDomain (0ms)
		EndReloadAssembly (344ms)
			LoadAssemblies (89ms)
			RebuildTransferFunctionScriptingTraits (0ms)
			SetupTypeCache (88ms)
				TypeCache.Initialize (87ms)
					TypeCache.ScanAssembly (86ms)
				ResolveRequiredComponents (0ms)
			ReleaseScriptCaches (0ms)
			RebuildScriptCaches (21ms)
			SetupLoadedEditorAssemblies (200ms)
				LogAssemblyErrors (0ms)
				InitializePlatformSupportModulesInManaged (4ms)
				SetLoadedEditorAssemblies (5ms)
				RefreshPlugins (74ms)
				BeforeProcessingInitializeOnLoad (1ms)
				ProcessInitializeOnLoadAttributes (88ms)
				ProcessInitializeOnLoadMethodAttributes (29ms)
				AfterProcessingInitializeOnLoad (0ms)
				EditorAssembliesLoaded (0ms)
			ExecutionOrderSort2 (0ms)
			AwakeInstancesAfterBackupRestoration (0ms)
Platform modules already initialized, skipping
Registering precompiled user dll's ...
Registered in 0.000130 seconds.
Required property 'name' not set (Packages/com.unity.visualscripting/Editor/VisualScripting.Flow/Unity.VisualScripting.Flow.Editor.asmdef)
Required property 'name' not set (Packages/com.unity.ide.vscode/Editor/Unity.com.unity.vscode.Editor.asmdef)
Required property 'name' not set (Packages/com.unity.settings-manager/Tests/Editor/Unity.Settings.Editor.Tests.asmdef)
Required property 'name' not set (Packages/com.unity.textmeshpro/Scripts/Editor/Unity.TextMeshPro.Editor.asmdef)
Required property 'name' not set (Packages/com.unity.services.core/Runtime/Telemetry/Unity.Services.Core.Telemetry.asmdef)
Required property 'name' not set (Packages/com.unity.performance.profile-analyzer/Editor/Unity.Performance.Profile-Analyzer.Editor.asmdef)
Required property 'name' not set (Packages/com.unity.testtools.codecoverage/Editor/CoverageFormats/OpenCover/Model/Model.asmdef)
Required property 'name' not set (Packages/com.unity.ide.visualstudio/Editor/com.unity.ide.visualstudio.asmdef)
Required property 'name' not set (Packages/com.unity.test-framework/UnityEngine.TestRunner/UnityEngine.TestRunner.asmdef)
Required property 'name' not set (Packages/com.unity.ugui/Tests/Runtime/UnityEngine.UI.Tests.asmdef)
Required property 'name' not set (Packages/com.unity.timeline/Runtime/Unity.Timeline.asmdef)
Required property 'name' not set (Packages/com.unity.visualscripting/Editor/VisualScripting.Core/Unity.VisualScripting.Core.Editor.asmdef)
Required property 'name' not set (Packages/com.unity.textmeshpro/Scripts/Runtime/Unity.TextMeshPro.asmdef)
Required property 'name' not set (Packages/com.unity.visualscripting/Editor/VisualScripting.State/Unity.VisualScripting.State.Editor.asmdef)
Required property 'name' not set (Packages/com.unity.textmeshpro/Tests/Editor/Unity.TextMeshPro.Editor.Tests.asmdef)
Required property 'name' not set (Packages/com.unity.test-framework/UnityEditor.TestRunner/UnityEditor.TestRunner.asmdef)
Required property 'name' not set (Packages/com.unity.services.core/Runtime/Networking/Unity.Services.Core.Networking.asmdef)
Required property 'name' not set (Packages/com.unity.visualscripting/Editor/SettingsProvider/Unity.VisualScripting.SettingsProvider.Editor.asmdef)
Required property 'name' not set (Packages/com.unity.testtools.codecoverage/Editor/CoverageFormats/OpenCover/Mono.Reflection/Reflection.asmdef)
Required property 'name' not set (Packages/com.unity.visualscripting/Runtime/VisualScripting.Flow/Unity.VisualScripting.Flow.asmdef)
Required property 'name' not set (Packages/com.unity.ugui/Editor/UnityEditor.UI.asmdef)
Required property 'name' not set (Packages/com.unity.inputsystem/InputSystem/Unity.InputSystem.asmdef)
Required property 'name' not set (Packages/com.unity.timeline/DocCodeExamples/DocCodeExamples.asmdef)
Required property 'name' not set (Packages/com.unity.ide.rider/Rider/Editor/com.unity.ide.rider.asmdef)
Required property 'name' not set (Packages/com.unity.collab-proxy/Editor/PlasticSCM/Unity.PlasticSCM.Editor.asmdef)
Required property 'name' not set (Packages/com.unity.services.core/Runtime/Core.Internal/Unity.Services.Core.Internal.asmdef)
Required property 'name' not set (Packages/com.unity.ugui/Runtime/UnityEngine.UI.asmdef)
Required property 'name' not set (Packages/com.unity.services.core/Runtime/Configuration/Unity.Services.Core.Configuration.asmdef)
Required property 'name' not set (Packages/com.unity.services.core/Runtime/Core/Unity.Services.Core.asmdef)
Required property 'name' not set (Packages/com.unity.visualscripting/Runtime/VisualScripting.Core/Unity.VisualScripting.Core.asmdef)
Required property 'name' not set (Packages/com.unity.editorcoroutines/Editor/Unity.EditorCoroutines.Editor.asmdef)
Required property 'name' not set (Packages/com.unity.inputsystem/Tests/IntegrationTests/Unity.InputSystem.IntegrationTests.asmdef)
Required property 'name' not set (Packages/com.unity.services.core/Editor/Core/Unity.Services.Core.Editor.asmdef)
Required property 'name' not set (Packages/com.unity.services.core/Editor/Core/Configuration/Unity.Services.Core.Configuration.Editor.asmdef)
Required property 'name' not set (Packages/com.unity.services.core/Runtime/Analytics/Unity.Services.Core.Analytics.asmdef)
Required property 'name' not set (Packages/com.unity.services.core/Runtime/Registration/Unity.Services.Core.Registration.asmdef)
Required property 'name' not set (Packages/com.unity.textmeshpro/Tests/Runtime/Unity.TextMeshPro.Tests.asmdef)
Required property 'name' not set (Packages/com.unity.visualscripting/Editor/VisualScripting.Shared/Unity.VisualScripting.Shared.Editor.asmdef)
Required property 'name' not set (Packages/com.unity.services.core/Runtime/Environments/Unity.Services.Core.Environments.asmdef)
Required property 'name' not set (Packages/com.unity.settings-manager/Editor/Unity.Settings.Editor.asmdef)
Required property 'name' not set (Packages/com.unity.services.core/Runtime/Scheduler/Unity.Services.Core.Scheduler.asmdef)
Required property 'name' not set (Packages/com.unity.services.core/Runtime/Environments/Internal/Unity.Services.Core.Environments.Internal.asmdef)
Required property 'name' not set (Packages/com.unity.timeline/Editor/Unity.Timeline.Editor.asmdef)
Required property 'name' not set (Packages/com.unity.collab-proxy/Editor/Collaborate/Unity.CollabProxy.Editor.asmdef)
Required property 'name' not set (Packages/com.unity.collab-proxy/Tests/Editor/Collaborate/Unity.CollabProxy.EditorTests.asmdef)
Required property 'name' not set (Packages/com.unity.services.core/Runtime/Threading/Unity.Services.Core.Threading.asmdef)
Required property 'name' not set (Packages/com.unity.testtools.codecoverage/Editor/Compatibility/Compatibility.asmdef)
Required property 'name' not set (Packages/com.unity.ugui/Tests/Editor/UnityEditor.UI.EditorTests.asmdef)
Required property 'name' not set (Packages/com.unity.collab-proxy/Tests/Editor/PlasticSCM/Unity.PlasticSCM.EditorTests.asmdef)
Required property 'name' not set (Packages/com.unity.inputsystem/Tests/TestFixture/Unity.InputSystem.TestFramework.asmdef)
Required property 'name' not set (Packages/com.unity.visualscripting/Runtime/VisualScripting.State/Unity.VisualScripting.State.asmdef)
Required property 'name' not set (Packages/com.unity.services.core/Runtime/Device/Unity.Services.Core.Device.asmdef)
Required property 'name' not set (Packages/com.unity.performance.profile-analyzer/Tests/Editor/Unity.Performance.Profile-Analyzer.EditorTests.asmdef)
Required property 'name' not set (Packages/com.unity.visualscripting/Editor/VisualScripting.Flow/Unity.VisualScripting.Flow.Editor.asmdef)
Required property 'name' not set (Packages/com.unity.ide.vscode/Editor/Unity.com.unity.vscode.Editor.asmdef)
Required property 'name' not set (Packages/com.unity.settings-manager/Tests/Editor/Unity.Settings.Editor.Tests.asmdef)
Required property 'name' not set (Packages/com.unity.textmeshpro/Scripts/Editor/Unity.TextMeshPro.Editor.asmdef)
Required property 'name' not set (Packages/com.unity.services.core/Runtime/Telemetry/Unity.Services.Core.Telemetry.asmdef)
Required property 'name' not set (Packages/com.unity.performance.profile-analyzer/Editor/Unity.Performance.Profile-Analyzer.Editor.asmdef)
Required property 'name' not set (Packages/com.unity.testtools.codecoverage/Editor/CoverageFormats/OpenCover/Model/Model.asmdef)
Required property 'name' not set (Packages/com.unity.ide.visualstudio/Editor/com.unity.ide.visualstudio.asmdef)
Required property 'name' not set (Packages/com.unity.test-framework/UnityEngine.TestRunner/UnityEngine.TestRunner.asmdef)
Required property 'name' not set (Packages/com.unity.ugui/Tests/Runtime/UnityEngine.UI.Tests.asmdef)
Required property 'name' not set (Packages/com.unity.timeline/Runtime/Unity.Timeline.asmdef)
Required property 'name' not set (Packages/com.unity.visualscripting/Editor/VisualScripting.Core/Unity.VisualScripting.Core.Editor.asmdef)
Required property 'name' not set (Packages/com.unity.textmeshpro/Scripts/Runtime/Unity.TextMeshPro.asmdef)
Required property 'name' not set (Packages/com.unity.visualscripting/Editor/VisualScripting.State/Unity.VisualScripting.State.Editor.asmdef)
Required property 'name' not set (Packages/com.unity.textmeshpro/Tests/Editor/Unity.TextMeshPro.Editor.Tests.asmdef)
Required property 'name' not set (Packages/com.unity.test-framework/UnityEditor.TestRunner/UnityEditor.TestRunner.asmdef)
Required property 'name' not set (Packages/com.unity.services.core/Runtime/Networking/Unity.Services.Core.Networking.asmdef)
Required property 'name' not set (Packages/com.unity.visualscripting/Editor/SettingsProvider/Unity.VisualScripting.SettingsProvider.Editor.asmdef)
Required property 'name' not set (Packages/com.unity.testtools.codecoverage/Editor/CoverageFormats/OpenCover/Mono.Reflection/Reflection.asmdef)
Required property 'name' not set (Packages/com.unity.visualscripting/Runtime/VisualScripting.Flow/Unity.VisualScripting.Flow.asmdef)
Required property 'name' not set (Packages/com.unity.ugui/Editor/UnityEditor.UI.asmdef)
Required property 'name' not set (Packages/com.unity.inputsystem/InputSystem/Unity.InputSystem.asmdef)
Required property 'name' not set (Packages/com.unity.timeline/DocCodeExamples/DocCodeExamples.asmdef)
Required property 'name' not set (Packages/com.unity.ide.rider/Rider/Editor/com.unity.ide.rider.asmdef)
Required property 'name' not set (Packages/com.unity.collab-proxy/Editor/PlasticSCM/Unity.PlasticSCM.Editor.asmdef)
Required property 'name' not set (Packages/com.unity.services.core/Runtime/Core.Internal/Unity.Services.Core.Internal.asmdef)
Required property 'name' not set (Packages/com.unity.ugui/Runtime/UnityEngine.UI.asmdef)
Required property 'name' not set (Packages/com.unity.services.core/Runtime/Configuration/Unity.Services.Core.Configuration.asmdef)
Required property 'name' not set (Packages/com.unity.services.core/Runtime/Core/Unity.Services.Core.asmdef)
Required property 'name' not set (Packages/com.unity.visualscripting/Runtime/VisualScripting.Core/Unity.VisualScripting.Core.asmdef)
Required property 'name' not set (Packages/com.unity.editorcoroutines/Editor/Unity.EditorCoroutines.Editor.asmdef)
Required property 'name' not set (Packages/com.unity.inputsystem/Tests/IntegrationTests/Unity.InputSystem.IntegrationTests.asmdef)
Required property 'name' not set (Packages/com.unity.services.core/Editor/Core/Unity.Services.Core.Editor.asmdef)
Required property 'name' not set (Packages/com.unity.services.core/Editor/Core/Configuration/Unity.Services.Core.Configuration.Editor.asmdef)
Required property 'name' not set (Packages/com.unity.services.core/Runtime/Analytics/Unity.Services.Core.Analytics.asmdef)
Required property 'name' not set (Packages/com.unity.services.core/Runtime/Registration/Unity.Services.Core.Registration.asmdef)
Required property 'name' not set (Packages/com.unity.textmeshpro/Tests/Runtime/Unity.TextMeshPro.Tests.asmdef)
Required property 'name' not set (Packages/com.unity.visualscripting/Editor/VisualScripting.Shared/Unity.VisualScripting.Shared.Editor.asmdef)
Required property 'name' not set (Packages/com.unity.services.core/Runtime/Environments/Unity.Services.Core.Environments.asmdef)
Required property 'name' not set (Packages/com.unity.settings-manager/Editor/Unity.Settings.Editor.asmdef)
Required property 'name' not set (Packages/com.unity.services.core/Runtime/Scheduler/Unity.Services.Core.Scheduler.asmdef)
Required property 'name' not set (Packages/com.unity.services.core/Runtime/Environments/Internal/Unity.Services.Core.Environments.Internal.asmdef)
Required property 'name' not set (Packages/com.unity.timeline/Editor/Unity.Timeline.Editor.asmdef)
Required property 'name' not set (Packages/com.unity.collab-proxy/Editor/Collaborate/Unity.CollabProxy.Editor.asmdef)
Required property 'name' not set (Packages/com.unity.collab-proxy/Tests/Editor/Collaborate/Unity.CollabProxy.EditorTests.asmdef)
Required property 'name' not set (Packages/com.unity.services.core/Runtime/Threading/Unity.Services.Core.Threading.asmdef)
Required property 'name' not set (Packages/com.unity.testtools.codecoverage/Editor/Compatibility/Compatibility.asmdef)
Required property 'name' not set (Packages/com.unity.ugui/Tests/Editor/UnityEditor.UI.EditorTests.asmdef)
Required property 'name' not set (Packages/com.unity.collab-proxy/Tests/Editor/PlasticSCM/Unity.PlasticSCM.EditorTests.asmdef)
Required property 'name' not set (Packages/com.unity.inputsystem/Tests/TestFixture/Unity.InputSystem.TestFramework.asmdef)
Required property 'name' not set (Packages/com.unity.visualscripting/Runtime/VisualScripting.State/Unity.VisualScripting.State.asmdef)
Required property 'name' not set (Packages/com.unity.services.core/Runtime/Device/Unity.Services.Core.Device.asmdef)
Required property 'name' not set (Packages/com.unity.performance.profile-analyzer/Tests/Editor/Unity.Performance.Profile-Analyzer.EditorTests.asmdef)
Begin MonoManager ReloadAssembly
Native extension for OSXStandalone target not found
Refreshing native plugins compatible for Editor in 0.32 ms, found 1 plugins.
Preloading 0 native plugins for Editor in 0.00 ms.
Required property 'name' not set (Packages/com.unity.visualscripting/Editor/VisualScripting.Flow/Unity.VisualScripting.Flow.Editor.asmdef)
Required property 'name' not set (Packages/com.unity.ide.vscode/Editor/Unity.com.unity.vscode.Editor.asmdef)
Required property 'name' not set (Packages/com.unity.settings-manager/Tests/Editor/Unity.Settings.Editor.Tests.asmdef)
Required property 'name' not set (Packages/com.unity.textmeshpro/Scripts/Editor/Unity.TextMeshPro.Editor.asmdef)
Required property 'name' not set (Packages/com.unity.services.core/Runtime/Telemetry/Unity.Services.Core.Telemetry.asmdef)
Required property 'name' not set (Packages/com.unity.performance.profile-analyzer/Editor/Unity.Performance.Profile-Analyzer.Editor.asmdef)
Required property 'name' not set (Packages/com.unity.testtools.codecoverage/Editor/CoverageFormats/OpenCover/Model/Model.asmdef)
Required property 'name' not set (Packages/com.unity.ide.visualstudio/Editor/com.unity.ide.visualstudio.asmdef)
Required property 'name' not set (Packages/com.unity.test-framework/UnityEngine.TestRunner/UnityEngine.TestRunner.asmdef)
Required property 'name' not set (Packages/com.unity.ugui/Tests/Runtime/UnityEngine.UI.Tests.asmdef)
Required property 'name' not set (Packages/com.unity.timeline/Runtime/Unity.Timeline.asmdef)
Required property 'name' not set (Packages/com.unity.visualscripting/Editor/VisualScripting.Core/Unity.VisualScripting.Core.Editor.asmdef)
Required property 'name' not set (Packages/com.unity.textmeshpro/Scripts/Runtime/Unity.TextMeshPro.asmdef)
Required property 'name' not set (Packages/com.unity.visualscripting/Editor/VisualScripting.State/Unity.VisualScripting.State.Editor.asmdef)
Required property 'name' not set (Packages/com.unity.textmeshpro/Tests/Editor/Unity.TextMeshPro.Editor.Tests.asmdef)
Required property 'name' not set (Packages/com.unity.test-framework/UnityEditor.TestRunner/UnityEditor.TestRunner.asmdef)
Required property 'name' not set (Packages/com.unity.services.core/Runtime/Networking/Unity.Services.Core.Networking.asmdef)
Required property 'name' not set (Packages/com.unity.visualscripting/Editor/SettingsProvider/Unity.VisualScripting.SettingsProvider.Editor.asmdef)
Required property 'name' not set (Packages/com.unity.testtools.codecoverage/Editor/CoverageFormats/OpenCover/Mono.Reflection/Reflection.asmdef)
Required property 'name' not set (Packages/com.unity.visualscripting/Runtime/VisualScripting.Flow/Unity.VisualScripting.Flow.asmdef)
Required property 'name' not set (Packages/com.unity.ugui/Editor/UnityEditor.UI.asmdef)
Required property 'name' not set (Packages/com.unity.inputsystem/InputSystem/Unity.InputSystem.asmdef)
Required property 'name' not set (Packages/com.unity.timeline/DocCodeExamples/DocCodeExamples.asmdef)
Required property 'name' not set (Packages/com.unity.ide.rider/Rider/Editor/com.unity.ide.rider.asmdef)
Required property 'name' not set (Packages/com.unity.collab-proxy/Editor/PlasticSCM/Unity.PlasticSCM.Editor.asmdef)
Required property 'name' not set (Packages/com.unity.services.core/Runtime/Core.Internal/Unity.Services.Core.Internal.asmdef)
Required property 'name' not set (Packages/com.unity.ugui/Runtime/UnityEngine.UI.asmdef)
Required property 'name' not set (Packages/com.unity.services.core/Runtime/Configuration/Unity.Services.Core.Configuration.asmdef)
Required property 'name' not set (Packages/com.unity.services.core/Runtime/Core/Unity.Services.Core.asmdef)
Required property 'name' not set (Packages/com.unity.visualscripting/Runtime/VisualScripting.Core/Unity.VisualScripting.Core.asmdef)
Required property 'name' not set (Packages/com.unity.editorcoroutines/Editor/Unity.EditorCoroutines.Editor.asmdef)
Required property 'name' not set (Packages/com.unity.inputsystem/Tests/IntegrationTests/Unity.InputSystem.IntegrationTests.asmdef)
Required property 'name' not set (Packages/com.unity.services.core/Editor/Core/Unity.Services.Core.Editor.asmdef)
Required property 'name' not set (Packages/com.unity.services.core/Editor/Core/Configuration/Unity.Services.Core.Configuration.Editor.asmdef)
Required property 'name' not set (Packages/com.unity.services.core/Runtime/Analytics/Unity.Services.Core.Analytics.asmdef)
Required property 'name' not set (Packages/com.unity.services.core/Runtime/Registration/Unity.Services.Core.Registration.asmdef)
Required property 'name' not set (Packages/com.unity.textmeshpro/Tests/Runtime/Unity.TextMeshPro.Tests.asmdef)
Required property 'name' not set (Packages/com.unity.visualscripting/Editor/VisualScripting.Shared/Unity.VisualScripting.Shared.Editor.asmdef)
Required property 'name' not set (Packages/com.unity.services.core/Runtime/Environments/Unity.Services.Core.Environments.asmdef)
Required property 'name' not set (Packages/com.unity.settings-manager/Editor/Unity.Settings.Editor.asmdef)
Required property 'name' not set (Packages/com.unity.services.core/Runtime/Scheduler/Unity.Services.Core.Scheduler.asmdef)
Required property 'name' not set (Packages/com.unity.services.core/Runtime/Environments/Internal/Unity.Services.Core.Environments.Internal.asmdef)
Required property 'name' not set (Packages/com.unity.timeline/Editor/Unity.Timeline.Editor.asmdef)
Required property 'name' not set (Packages/com.unity.collab-proxy/Editor/Collaborate/Unity.CollabProxy.Editor.asmdef)
Required property 'name' not set (Packages/com.unity.collab-proxy/Tests/Editor/Collaborate/Unity.CollabProxy.EditorTests.asmdef)
Required property 'name' not set (Packages/com.unity.services.core/Runtime/Threading/Unity.Services.Core.Threading.asmdef)
Required property 'name' not set (Packages/com.unity.testtools.codecoverage/Editor/Compatibility/Compatibility.asmdef)
Required property 'name' not set (Packages/com.unity.ugui/Tests/Editor/UnityEditor.UI.EditorTests.asmdef)
Required property 'name' not set (Packages/com.unity.collab-proxy/Tests/Editor/PlasticSCM/Unity.PlasticSCM.EditorTests.asmdef)
Required property 'name' not set (Packages/com.unity.inputsystem/Tests/TestFixture/Unity.InputSystem.TestFramework.asmdef)
Required property 'name' not set (Packages/com.unity.visualscripting/Runtime/VisualScripting.State/Unity.VisualScripting.State.asmdef)
Required property 'name' not set (Packages/com.unity.services.core/Runtime/Device/Unity.Services.Core.Device.asmdef)
Required property 'name' not set (Packages/com.unity.performance.profile-analyzer/Tests/Editor/Unity.Performance.Profile-Analyzer.EditorTests.asmdef)
Mono: successfully reloaded assembly
- Completed reload, in  0.820 seconds
Domain Reload Profiling:
	ReloadAssembly (820ms)
		BeginReloadAssembly (66ms)
			ExecutionOrderSort (0ms)
			DisableScriptedObjects (4ms)
			BackupInstance (0ms)
			ReleaseScriptingObjects (0ms)
			CreateAndSetChildDomain (19ms)
		EndReloadAssembly (707ms)
			LoadAssemblies (24ms)
			RebuildTransferFunctionScriptingTraits (0ms)
			SetupTypeCache (84ms)
				TypeCache.Initialize (83ms)
					TypeCache.ScanAssembly (82ms)
				ResolveRequiredComponents (1ms)
			ReleaseScriptCaches (0ms)
			RebuildScriptCaches (321ms)
			SetupLoadedEditorAssemblies (239ms)
				LogAssemblyErrors (0ms)
				InitializePlatformSupportModulesInManaged (5ms)
				SetLoadedEditorAssemblies (4ms)
				RefreshPlugins (0ms)
				BeforeProcessingInitializeOnLoad (142ms)
				ProcessInitializeOnLoadAttributes (75ms)
				ProcessInitializeOnLoadMethodAttributes (12ms)
				AfterProcessingInitializeOnLoad (1ms)
				EditorAssembliesLoaded (0ms)
			ExecutionOrderSort2 (0ms)
			AwakeInstancesAfterBackupRestoration (3ms)
Platform modules already initialized, skipping
Script is not up to date after domain reload: guid(7a79c4e23d4d4b64bfa5fa9e6671a460) path("Packages/com.unity.ugui/Runtime/EventSystem/UIElements/PanelRaycaster.cs") state(2)
Script is not up to date after domain reload: guid(fe87c0e1cc204ed48ad3b37840f39efc) path("Packages/com.unity.ugui/Runtime/UI/Core/Image.cs") state(2)
Script is not up to date after domain reload: guid(4769fe1e7475c8843b092338acbcad25) path("Packages/com.unity.test-framework/UnityEditor.TestRunner/TestRun/Tasks/LegacyPlayModeRunTask.cs") state(2)
Script is not up to date after domain reload: guid(2fcdb9402e0a4427bd5bd01f71ecf6d5) path("Packages/com.unity.test-framework/UnityEngine.TestRunner/Assertions/OutOfOrderExpectedLogMessageException.cs") state(2)
Script is not up to date after domain reload: guid(edb0be1cce1f89849aa6254d50438c30) path("Packages/com.unity.testtools.codecoverage/Editor/Stripping/PathStripping.cs") state(2)
Script is not up to date after domain reload: guid(7a98125502f715b4b83cfb77b434e436) path("Packages/com.unity.ugui/Runtime/UI/Core/Selectable.cs") state(2)
Script is not up to date after domain reload: guid(c9219e99d466b7741a057132d1994f35) path("Packages/com.unity.test-framework/UnityEditor.TestRunner/TestRunner/EditModeRunner.cs") state(2)
Script is not up to date after domain reload: guid(d412675cfb3441efa3bf8dcd9b7624dc) path("Assets/TextMesh Pro/Examples & Extras/Scripts/SkewTextExample.cs") state(2)
Script is not up to date after domain reload: guid(0efb23ecb373b6d4bbe5217485785138) path("Packages/com.unity.test-framework/UnityEditor.TestRunner/TestLaunchers/RuntimeTestLauncherBase.cs") state(2)
Script is not up to date after domain reload: guid(2799eb4c84e72e54092a292cf626936b) path("Packages/com.unity.test-framework/UnityEngine.TestRunner/TestRunner/PlaymodeTestsControllerSettings.cs") state(2)
Script is not up to date after domain reload: guid(9eff140b25d64601aabc6ba32245d099) path("Assets/TextMesh Pro/Examples & Extras/Scripts/SimpleScript.cs") state(2)
Script is not up to date after domain reload: guid(fc31799bd6dc1f74a8adfee1acd05a9b) path("Packages/com.unity.ugui/Tests/Editor/WrapperWindowFixture.cs") state(2)
Script is not up to date after domain reload: guid(b5115ff20f1ea204dac14fa49c0e8f69) path("Packages/com.unity.testtools.codecoverage/Editor/CoverageWindow/CodeCoverageWindow.cs") state(2)
Script is not up to date after domain reload: guid(3484c53050e20474bb37d3808245721a) path("Packages/com.unity.timeline/Editor/Undo/UndoExtensions.cs") state(2)
Script is not up to date after domain reload: guid(a4de51612c756544d8fe7cf88093aa25) path("Packages/com.unity.testtools.codecoverage/Editor/Logging/ResultsLogger.cs") state(2)
Script is not up to date after domain reload: guid(1385bc74f3945c943be16ecbb1381063) path("Packages/com.unity.ugui/Editor/UI/PropertyDrawers/DropdownOptionListDrawer.cs") state(2)
Script is not up to date after domain reload: guid(75df57ccb1e44c64085399277405e1ca) path("Packages/com.unity.ugui/Runtime/EventSystem/EventData/PointerEventData.cs") state(2)
Script is not up to date after domain reload: guid(0846ad73a5274e88951b2645bf7dac6c) path("Packages/com.unity.settings-manager/Editor/FileSettingsRepository.cs") state(2)
Script is not up to date after domain reload: guid(5440c1153b397e14c9c7b1d6eb83b9f9) path("Packages/com.unity.test-framework/UnityEngine.TestRunner/NUnitExtensions/Attributes/UnityPlatformAttribute.cs") state(2)
Script is not up to date after domain reload: guid(6e0e62db88935c74288c97c907243bd0) path("Packages/com.unity.test-framework/UnityEditor.TestRunner/Api/TestAdaptor.cs") state(2)
Script is not up to date after domain reload: guid(d3c815396f3a64c2d925a2100e08e093) path("Packages/com.unity.settings-manager/Editor/Settings.cs") state(2)
Script is not up to date after domain reload: guid(102e512f651ee834f951a2516c1ea3b8) path("Packages/com.unity.test-framework/UnityEngine.TestRunner/TestRunner/PlaymodeTestsController.cs") state(2)
Script is not up to date after domain reload: guid(c62b7d87755b447919138e67f8e22e0c) path("Assets/Standard Assets/Environment/Water/Water/Scripts/Displace.cs") state(2)
Script is not up to date after domain reload: guid(900aac3710bc14542a8d164e3f0ff820) path("Packages/com.unity.test-framework/UnityEditor.TestRunner/UnityTestProtocol/UnityTestProtocolListener.cs") state(2)
Script is not up to date after domain reload: guid(961642509dec50b44a293d26240140ec) path("Packages/com.unity.test-framework/UnityEditor.TestRunner/TestLaunchers/PlatformSetup/AndroidPlatformSetup.cs") state(2)
Script is not up to date after domain reload: guid(f867743975592a743a3581ff042bcc25) path("Packages/com.unity.ugui/Editor/UI/MenuOptions.cs") state(2)
Script is not up to date after domain reload: guid(1344c3c82d62a2a41a3576d8abb8e3ea) path("Packages/com.unity.ugui/Runtime/UI/Core/RawImage.cs") state(2)
Script is not up to date after domain reload: guid(f448135eda82d4eb0872e8767827f7fd) path("Assets/Scripts/CameraController.cs") state(2)
Script is not up to date after domain reload: guid(43a3aec217baa9644a7cf34b5f93fed9) path("Packages/com.unity.test-framework/UnityEngine.TestRunner/Utils/AssemblyProvider/PlayerTestAssemblyProvider.cs") state(2)
Script is not up to date after domain reload: guid(05f92e4a2414cb144a92157752dfa324) path("Packages/com.unity.test-framework/UnityEditor.TestRunner/Api/Filter.cs") state(2)
Script is not up to date after domain reload: guid(4bbc17b35884fdf468e4b52ae4222882) path("Packages/com.unity.test-framework/UnityEngine.TestRunner/Assertions/LogScope/LogScope.cs") state(2)
Script is not up to date after domain reload: guid(a6238e9452bfc704f82ff36791fe1a45) path("Packages/com.unity.ugui/Runtime/UI/Core/Graphic.cs") state(2)
Script is not up to date after domain reload: guid(ad34571c1c8d47f69e48865ba5a256d9) path("Packages/com.unity.settings-manager/Tests/Editor/TestProjectUserSettings.cs") state(2)
Script is not up to date after domain reload: guid(0dc75b34a006d47f48c004031e6ef14d) path("Packages/com.unity.settings-manager/Editor/UserSettingsProvider.cs") state(2)
Script is not up to date after domain reload: guid(26f3e7301af463c4ca72fa98d59b429e) path("Packages/com.unity.test-framework/UnityEditor.TestRunner/TestRunner/Utils/CachingTestListProvider.cs") state(2)
Script is not up to date after domain reload: guid(4f939b9e23a0946439b812551e07ac81) path("Packages/com.unity.test-framework/UnityEngine.TestRunner/NUnitExtensions/ActionDelegator.cs") state(2)
Script is not up to date after domain reload: guid(4185bc77c7194462ca3b1097ef4a5de0) path("Assets/Standard Assets/Environment/Water/Water/Scripts/PlanarReflection.cs") state(2)
Script is not up to date after domain reload: guid(8ef7be1c625941f7ba8ed7cc71718c0d) path("Assets/TextMesh Pro/Examples & Extras/Scripts/Benchmark01_UGUI.cs") state(2)
Script is not up to date after domain reload: guid(8e2e054ed623847d29efb1262605e8ef) path("Packages/com.unity.settings-manager/Editor/PackageSettingsRepository.cs") state(2)
Script is not up to date after domain reload: guid(76c392e42b5098c458856cdf6ecaaaa1) path("Packages/com.unity.ugui/Runtime/EventSystem/EventSystem.cs") state(2)
Script is not up to date after domain reload: guid(be156cc527d606b4aaac403e9843186e) path("Packages/com.unity.timeline/Runtime/Playables/DirectorControlPlayable.cs") state(2)
Script is not up to date after domain reload: guid(0d2f50a8e0bb841a5aaa90ae55db8849) path("Assets/Standard Assets/Environment/Water (Basic)/Scripts/WaterBasic.cs") state(2)
Script is not up to date after domain reload: guid(103e0a6a1d404693b9fb1a5173e0e979) path("Assets/TextMesh Pro/Examples & Extras/Scripts/TMP_TextSelector_A.cs") state(2)
Script is not up to date after domain reload: guid(63228051c023f5648a54800d29fdc6c1) path("Packages/com.unity.testtools.codecoverage/Editor/Filtering/AssemblyFiltering.cs") state(2)
Script is not up to date after domain reload: guid(d199490a83bb2b844b9695cbf13b01ef) path("Packages/com.unity.ugui/Runtime/UI/Core/InputField.cs") state(2)
Script is not up to date after domain reload: guid(712896fdadbc6744585b09d9e159c025) path("Packages/com.unity.testtools.codecoverage/Editor/Analytics/CoverageAnalytics.cs") state(2)
Script is not up to date after domain reload: guid(b662f155e14546d0b72f129800d013d0) path("Packages/com.unity.timeline/Editor/Window/TimelinePlaybackControls.cs") state(2)
Script is not up to date after domain reload: guid(b9eb962217e00bf4fbc734e109991fca) path("Packages/com.unity.ugui/Tests/Runtime/Layout/GridLayoutGroupTests.cs") state(2)
Script is not up to date after domain reload: guid(7ea67431821494cfca380c0e07258751) path("Packages/com.unity.settings-manager/Editor/Attributes.cs") state(2)
Script is not up to date after domain reload: guid(f7cfa58e417a46ea8889989684c2522e) path("Assets/TextMesh Pro/Examples & Extras/Scripts/VertexShakeA.cs") state(2)
Script is not up to date after domain reload: guid(dc20866c0d5e413ab7559440e15333ae) path("Assets/TextMesh Pro/Examples & Extras/Scripts/Benchmark04.cs") state(2)
Script is not up to date after domain reload: guid(83eda34b7da01e04aa894f268158b0c0) path("Packages/com.unity.test-framework/UnityEditor.TestRunner/TestSettings/ITestSettings.cs") state(2)
Script is not up to date after domain reload: guid(0ded9e836bf5e8f45952430247707da1) path("Packages/com.unity.testtools.codecoverage/Editor/Utils/CoverageUtils.cs") state(2)
Script is not up to date after domain reload: guid(53d91f98a2664f5cb9af11de72ac54ec) path("Assets/TextMesh Pro/Examples & Extras/Scripts/ChatController.cs") state(2)
Script is not up to date after domain reload: guid(b7468a027a77337478e133b40b42b4f9) path("Packages/com.unity.test-framework/UnityEditor.TestRunner/CommandLineTest/SettingsBuilder.cs") state(2)
Script is not up to date after domain reload: guid(110d5035a36a6a34580fb65bb40cd78f) path("Packages/com.unity.test-framework/UnityEngine.TestRunner/NUnitExtensions/Runner/CompositeWorkItem.cs") state(2)
Script is not up to date after domain reload: guid(a4d4c76e63944cba8c7d00f56334b98c) path("Assets/TextMesh Pro/Examples & Extras/Scripts/TextMeshProFloatingText.cs") state(2)
Script is not up to date after domain reload: guid(d21dcc2386d650c4597f3633c75a1f98) path("Packages/com.unity.timeline/Runtime/Animation/AnimationTrack.cs") state(2)
Script is not up to date after domain reload: guid(eb2f3c5bf79e22046b2e3866dc3acb99) path("Packages/com.unity.timeline/Editor/Window/TimelineWindow_PlaybackControls.cs") state(2)
Script is not up to date after domain reload: guid(1ac58cb55fc8daf4abd3945a2bbbb0c5) path("Packages/com.unity.test-framework/UnityEditor.TestRunner/UnityTestProtocol/UnityTestProtocolStarter.cs") state(2)
Script is not up to date after domain reload: guid(e4e0d9ccee5f4950be8979268c9014e0) path("Assets/TextMesh Pro/Examples & Extras/Scripts/VertexShakeB.cs") state(2)
Script is not up to date after domain reload: guid(69e3979b7029e8a4da2d96b714ba5c3a) path("Packages/com.unity.ugui/Runtime/UI/Core/GraphicRegistry.cs") state(2)
Script is not up to date after domain reload: guid(bc98484caab3b6d4facbcff38be93380) path("Packages/com.unity.ugui/Editor/UI/SliderEditor.cs") state(2)
Script is not up to date after domain reload: guid(89b044dfcdc3f2844a14c8c186ea9107) path("Assets/Scripts/EnemyMove.cs") state(2)
Script is not up to date after domain reload: guid(ac68f5ae37c8957468562b8da42f9984) path("Packages/com.unity.test-framework/UnityEditor.TestRunner/TestLaunchers/EditModeLauncher.cs") state(2)
Script is not up to date after domain reload: guid(3c0826daeb1e45578e12fbbd2b89b638) path("Packages/com.unity.timeline/Editor/Window/ViewModel/TimelineAssetViewModel_versions.cs") state(2)
Script is not up to date after domain reload: guid(a4b6f99e8bc54541bbd149b014ff441c) path("Assets/TextMesh Pro/Examples & Extras/Scripts/EnvMapAnimator.cs") state(2)
Script is not up to date after domain reload: guid(24b0dc2d1d494adbbec1f4db26b4cf83) path("Assets/TextMesh Pro/Examples & Extras/Scripts/TMP_UiFrameRateCounter.cs") state(2)
Script is not up to date after domain reload: guid(42e7f46d0e5a84171a3909479c1646ba) path("Assets/Standard Assets/Environment/Water/Water/Scripts/GerstnerDisplace.cs") state(2)
Script is not up to date after domain reload: guid(018f1adb8258a4133b73805294498947) path("Packages/com.unity.settings-manager/Tests/Editor/MultipleProjectSettings.cs") state(2)
Script is not up to date after domain reload: guid(c3ec6d10638d94feaa03c223b6fee2cc) path("Packages/com.unity.settings-manager/Editor/UserSetting.cs") state(2)
Script is not up to date after domain reload: guid(2011a59d3f76b3d4a85cb53f945fceee) path("Packages/com.unity.test-framework/UnityEditor.TestRunner/UnityTestProtocol/TestRunnerApiMapper.cs") state(2)
Script is not up to date after domain reload: guid(c49b4cc203aa6414fae5c798d1d0e7d6) path("Packages/com.unity.ugui/Runtime/EventSystem/Raycasters/PhysicsRaycaster.cs") state(2)
Script is not up to date after domain reload: guid(88495ce69d27f4ed2816d08ed3e29851) path("Assets/Scripts/PlayerController.cs") state(2)
Script is not up to date after domain reload: guid(8bc74398aa3944646ade4ee78cd57484) path("Packages/com.unity.test-framework/UnityEngine.TestRunner/NUnitExtensions/TestExtensions.cs") state(2)
Script is not up to date after domain reload: guid(2d687537154440a3913a9a3c7977978c) path("Assets/TextMesh Pro/Examples & Extras/Scripts/CameraController.cs") state(2)
Script is not up to date after domain reload: guid(55b039429b8e8984782061e49b8ff4b0) path("Packages/com.unity.testtools.codecoverage/Editor/CoverageRunData.cs") state(2)
Script is not up to date after domain reload: guid(cbbca1d8a0434be4bbc7f165523763ac) path("Packages/com.unity.test-framework/UnityEngine.TestRunner/NUnitExtensions/Commands/BeforeAfterTestCommandBase.cs") state(2)
Script is not up to date after domain reload: guid(63572993f2104574099a48392460b211) path("Packages/com.unity.test-framework/UnityEditor.TestRunner/CommandLineTest/SetupException.cs") state(2)
Script is not up to date after domain reload: guid(d79cb9ecc0d4a6d428ab98a681a33897) path("Packages/com.unity.timeline/Editor/Window/ViewModel/TimelineAssetViewModel.cs") state(2)
Script is not up to date after domain reload: guid(c3c1afeda5e545e0b19add5373896d2e) path("Assets/TextMesh Pro/Examples & Extras/Scripts/TMPro_InstructionOverlay.cs") state(2)
Script is not up to date after domain reload: guid(6a3af79041a1431ab3a2a9395a7ed2ae) path("Packages/com.unity.test-framework/UnityEngine.TestRunner/NUnitExtensions/OrderedTestSuiteModifier.cs") state(2)
Script is not up to date after domain reload: guid(1cd4c35cbb07847cdb1a27c08ba89bf8) path("Assets/Scripts/UIManager.cs") state(2)
Script is not up to date after domain reload: guid(82f98a3276a149b5833357e702c1d843) path("Packages/com.unity.timeline/Editor/State/PlayRange.cs") state(2)
Script is not up to date after domain reload: guid(6f2c5b59b6874405865e2616e4ec276a) path("Assets/TextMesh Pro/Examples & Extras/Scripts/TMP_ExampleScript_01.cs") state(2)
Script is not up to date after domain reload: guid(d0663d520c26b7c48a4135599e66acf8) path("Packages/com.unity.test-framework/UnityEditor.TestRunner/Api/TestAdaptorFactory.cs") state(2)
Script is not up to date after domain reload: guid(43bcd35a1c0c40ccb6d472893fe2093f) path("Assets/TextMesh Pro/Examples & Extras/Scripts/TextConsoleSimulator.cs") state(2)
Script is not up to date after domain reload: guid(006633c8a6f4ae94aa9babf72234e1a2) path("Packages/com.unity.ugui/Runtime/UI/Core/Layout/LayoutRebuilder.cs") state(2)
Script is not up to date after domain reload: guid(4f19c7f94c794c5097d8bd11e39c750d) path("Assets/TextMesh Pro/Examples & Extras/Scripts/ObjectSpin.cs") state(2)
Script is not up to date after domain reload: guid(d973fc1524e4d724081553934c55958c) path("Packages/com.unity.test-framework/UnityEditor.TestRunner/TestLaunchers/PlayerLauncher.cs") state(2)
Script is not up to date after domain reload: guid(14d748c963c7b3549bed45457cc92c4f) path("Packages/com.unity.timeline/Editor/Window/TimelineWindow_PlayRange.cs") state(2)
Script is not up to date after domain reload: guid(4c006cc4132f4e2d8b3e7208af3e208c) path("Packages/com.unity.test-framework/UnityEngine.TestRunner/NUnitExtensions/ITestSuiteModifier.cs") state(2)
Script is not up to date after domain reload: guid(21256c5b62f346f18640dad779911e20) path("Assets/TextMesh Pro/Examples & Extras/Scripts/TMP_TextInfoDebugTool.cs") state(2)
Script is not up to date after domain reload: guid(1ea10891dd782154ca0fb67bce9e6f72) path("Packages/com.unity.ugui/Runtime/EventSystem/InputModules/BaseInputModule.cs") state(2)
Script is not up to date after domain reload: guid(8a8695521f0d02e499659fee002a26c2) path("Packages/com.unity.ugui/Runtime/UI/Core/Layout/GridLayoutGroup.cs") state(2)
Script is not up to date after domain reload: guid(1f2a7e0d1b6bbba408a41e206945c23c) path("Packages/com.unity.timeline/Runtime/Utilities/TimelineUndo.cs") state(2)
Script is not up to date after domain reload: guid(d736ce056cf444ca96e424f4d9c42b76) path("Assets/TextMesh Pro/Examples & Extras/Scripts/TMP_TextEventCheck.cs") state(2)
Script is not up to date after domain reload: guid(30e7b5764902497297f0c9ca80bb179a) path("Packages/com.unity.settings-manager/Editor/ProjectUserSettings.cs") state(2)
Script is not up to date after domain reload: guid(df8df80bb65e9ec4280229a9921c4f3c) path("Packages/com.unity.timeline/Editor/State/WindowState.cs") state(2)
Script is not up to date after domain reload: guid(d4dbe29df1b294c4f8f0a2fb529d19fd) path("Packages/com.unity.ugui/Tests/Runtime/Canvas/CanvasResizeCorrectlyForRenderTexture.cs") state(2)
Script is not up to date after domain reload: guid(927d3aca6e103714abf816653018e5be) path("Packages/com.unity.testtools.codecoverage/lib/ReportGenerator/ReportGeneratorMerged.dll") state(2)
Script is not up to date after domain reload: guid(874e40a588dbb1e48bc128d686337d4e) path("Packages/com.unity.test-framework/UnityEngine.TestRunner/NUnitExtensions/Runner/UnityTestAssemblyRunner.cs") state(2)
Script is not up to date after domain reload: guid(b180d0cec21671c45a32a9ce99bff2f5) path("Packages/com.unity.ugui/Tests/Editor/Dropdown/DropdownOptionsListDrawer.cs") state(2)
Script is not up to date after domain reload: guid(2787a46a4dc848c1b4b7b9307b614bfd) path("Assets/TextMesh Pro/Examples & Extras/Scripts/ShaderPropAnimator.cs") state(2)
Script is not up to date after domain reload: guid(c2441d353f9c42a44af6e224e4901b52) path("Packages/com.unity.test-framework/UnityEditor.TestRunner/TestRun/Tasks/BuildActionTaskBase.cs") state(2)
Script is not up to date after domain reload: guid(790744c462254b7ba8038e6ed28b3db2) path("Assets/TextMesh Pro/Examples & Extras/Scripts/WarpTextExample.cs") state(2)
Script is not up to date after domain reload: guid(7ab5c92c8c1059a4e92378da3696821e) path("Packages/com.unity.testtools.codecoverage/Editor/Analytics/CoverageAnalyticsEvent.cs") state(2)
Script is not up to date after domain reload: guid(6b32b6725087a0d4bb1670818d26996e) path("Packages/com.unity.test-framework/UnityEditor.TestRunner/TestSettings/TestSettings.cs") state(2)
Script is not up to date after domain reload: guid(6dea3ceed709149e5969d3c20ad1898d) path("Packages/com.unity.testtools.codecoverage/Editor/CoverageReporterManager.cs") state(2)
Script is not up to date after domain reload: guid(e4e290d31ab7fb54880746bb8f818e0d) path("Packages/com.unity.ugui/Tests/Runtime/EventSystem/InputModuleTests.cs") state(2)
Script is not up to date after domain reload: guid(6965211c873de4048aa9043e5e287c73) path("Packages/com.unity.settings-manager/Editor/UserSettingsRepository.cs") state(2)
Script is not up to date after domain reload: guid(8707cf6fb25b1438b9a0f476f93a76fe) path("Packages/com.unity.settings-manager/Editor/ISettingsRepository.cs") state(2)
Script is not up to date after domain reload: guid(1a7eb92a01ed499a987bde9def05fbce) path("Assets/TextMesh Pro/Examples & Extras/Scripts/TMP_DigitValidator.cs") state(2)
Script is not up to date after domain reload: guid(8a410b213209442fb15a69799f0240a5) path("Packages/com.unity.ugui/Runtime/EventSystem/UIElements/PanelEventHandler.cs") state(2)
Script is not up to date after domain reload: guid(b42e1db66fe9c634798674cb9e1df2ca) path("Packages/com.unity.test-framework/UnityEngine.TestRunner/NUnitExtensions/ConstructDelegator.cs") state(2)
Script is not up to date after domain reload: guid(37daebf6e06b3d247b881c003705673d) path("Packages/com.unity.testtools.codecoverage/Editor/ReportGenerator/CoverageReportGenerator.cs") state(2)
Script is not up to date after domain reload: guid(eea34a28297f9bc4c9f4c573bc8d5d1c) path("Packages/com.unity.test-framework/UnityEditor.TestRunner/Api/ExecutionSettings.cs") state(2)
Script is not up to date after domain reload: guid(f7e6fc076c9242b19d42a4b2cc9d0507) path("Packages/com.unity.settings-manager/Tests/Editor/SettingsTestBase.cs") state(2)
Script is not up to date after domain reload: guid(3504aa04cda851b44a65973f9aead6f7) path("Packages/com.unity.test-framework/UnityEngine.TestRunner/Assertions/LogScope/ILogScope.cs") state(2)
Script is not up to date after domain reload: guid(d3217d58bbd1d2b4aaee933e2e8b9195) path("Packages/com.unity.test-framework/UnityEditor.TestRunner/TestLaunchers/PlaymodeLauncher.cs") state(2)
Script is not up to date after domain reload: guid(e8538afcddc14efbb5d9e94b7ae50197) path("Assets/TextMesh Pro/Examples & Extras/Scripts/Benchmark02.cs") state(2)
Script is not up to date after domain reload: guid(8d51cefca684e6d49b7dc6e963541e41) path("Packages/com.unity.testtools.codecoverage/Editor/Events/Events.cs") state(2)
Script is not up to date after domain reload: guid(76c11bbcfddf44e0ba17d6c2751c8d84) path("Assets/TextMesh Pro/Examples & Extras/Scripts/TextMeshSpawner.cs") state(2)
Script is not up to date after domain reload: guid(b1c789407b55e3a4c9cc86135a714e33) path("Packages/com.unity.timeline/Editor/Actions/TimelineActions.cs") state(2)
Script is not up to date after domain reload: guid(11aab40bae0d491c94ca2df97f155bac) path("Packages/com.unity.settings-manager/Tests/Editor/FileRepositoryTests.cs") state(2)
Script is not up to date after domain reload: guid(258e29582df66a741937fe410463ad97) path("Packages/com.unity.testtools.codecoverage/Editor/CoverageFormats/OpenCover/OpenCoverReporter.cs") state(2)
Script is not up to date after domain reload: guid(ebcc5f899d9277642868aeda9a17cbaf) path("Packages/com.unity.test-framework/UnityEditor.TestRunner/UnityTestProtocol/UtpMessageReporter.cs") state(2)
Script is not up to date after domain reload: guid(2e527bb4ce87bf945b91e3d46cc73202) path("Packages/com.unity.testtools.codecoverage/Editor/Events/SessionMode.cs") state(2)
Script is not up to date after domain reload: guid(a73109742c8d47ac822895a473300c29) path("Assets/TextMesh Pro/Examples & Extras/Scripts/Benchmark03.cs") state(2)
Script is not up to date after domain reload: guid(22899211c24eeb248b22704499dd108f) path("Packages/com.unity.timeline/Editor/Trackhead.cs") state(2)
Script is not up to date after domain reload: guid(a0288e1c9324e824bab7e2044a72a434) path("Packages/com.unity.test-framework/UnityEditor.TestRunner/TestRun/Tasks/BuildTestTreeTask.cs") state(2)
Script is not up to date after domain reload: guid(b93fe5bbea454ae438fcec241c5fa85b) path("Packages/com.unity.test-framework/UnityEditor.TestRunner/TestRun/Tasks/LegacyPlayerRunTask.cs") state(2)
Script is not up to date after domain reload: guid(2a91e8dd37cdd41efb4859b65aced7a2) path("Assets/Standard Assets/Environment/Water/Water/Scripts/WaterTile.cs") state(2)
Script is not up to date after domain reload: guid(5c9c9f62af2efb948a1974650039e2db) path("Packages/com.unity.timeline/Editor/Window/TimelineWindow_PreviewPlayMode.cs") state(2)
Script is not up to date after domain reload: guid(de2ab2b9ac93bb544b9552e49030371b) path("Assets/Standard Assets/Environment/Water/Water/Scripts/SpecularLighting.cs") state(2)
Script is not up to date after domain reload: guid(686ec78b56aa445795335fbadafcfaa4) path("Assets/TextMesh Pro/Examples & Extras/Scripts/TMP_FrameRateCounter.cs") state(2)
Script is not up to date after domain reload: guid(b4246555189b5ee43b4857220f9fd29b) path("Packages/com.unity.test-framework/UnityEditor.TestRunner/TestRun/Tasks/LegacyEditModeRunTask.cs") state(2)
Script is not up to date after domain reload: guid(f779e779d62b5ca49b658236c337845d) path("Packages/com.unity.timeline/Runtime/Utilities/TimeUtility.cs") state(2)
Script is not up to date after domain reload: guid(c890977a36bfdc849872b9337ab89098) path("Packages/com.unity.ugui/Editor/UI/GraphicEditor.cs") state(2)
Script is not up to date after domain reload: guid(3d1e5d1da297ded489d27da1867372cb) path("Packages/com.unity.testtools.codecoverage/Editor/CommandLineManager.cs") state(2)
Script is not up to date after domain reload: guid(98ba0396e4b4ee8498a8f097affcfddf) path("Packages/com.unity.test-framework/UnityEngine.TestRunner/NUnitExtensions/UnityTestAssemblyBuilder.cs") state(2)
Script is not up to date after domain reload: guid(a1da353243062479a9b31c85074a796b) path("Assets/Standard Assets/Environment/Water/Water/Scripts/WaterBase.cs") state(2)
Script is not up to date after domain reload: guid(75e7d7a9a57458841a85fe42d9c9141f) path("Packages/com.unity.test-framework/UnityEditor.TestRunner/TestSettings/TestSettingsDeserializer.cs") state(2)
Script is not up to date after domain reload: guid(d8d52aaf8fdd54b95ab33af4cf05772e) path("Packages/com.unity.testtools.codecoverage/Editor/CoverageReporterListener.cs") state(2)
Script is not up to date after domain reload: guid(c97b794b51780d349a16826a4c7898d7) path("Packages/com.unity.test-framework/UnityEngine.TestRunner/Assertions/LogAssert.cs") state(2)
Script is not up to date after domain reload: guid(b89238309187f49a189ac012fdf42ef9) path("Assets/Scripts/MainMenuScript.cs") state(2)
Script is not up to date after domain reload: guid(951d74f7d57bed84cb623c62436bd064) path("Assets/Standard Assets/Environment/Water/Water/Scripts/MeshContainer.cs") state(2)
Script is not up to date after domain reload: guid(2ed57967c52645d390a89dcf8f61ba73) path("Assets/TextMesh Pro/Examples & Extras/Scripts/VertexJitter.cs") state(2)
Script is not up to date after domain reload: guid(2638a7554bdf54f1d9c83b278883cf6b) path("Assets/Scripts/IntrotoGame.cs") state(2)
Script is not up to date after domain reload: guid(56666c5a40171f54783dd416a44f42bf) path("Packages/com.unity.ugui/Runtime/EventSystem/Raycasters/Physics2DRaycaster.cs") state(2)
Script is not up to date after domain reload: guid(cc233d649a6d0ea479f4e4fd4af4e4a9) path("Packages/com.unity.testtools.codecoverage/Editor/Events/CoverageEventData.cs") state(2)
Script is not up to date after domain reload: guid(1312ae25639a4bae8e25ae223209cc50) path("Assets/TextMesh Pro/Examples & Extras/Scripts/TMP_TextEventHandler.cs") state(2)
Script is not up to date after domain reload: guid(423fe2ef878fa1140a7e1f7f9e365815) path("Packages/com.unity.test-framework/UnityEditor.TestRunner/UnityTestProtocol/TestFinishedMessage.cs") state(2)
Script is not up to date after domain reload: guid(dfe0d35963084dcc899e4d32cca85455) path("Packages/com.unity.timeline/Editor/Window/TimelineEditorWindow.cs") state(2)
Script is not up to date after domain reload: guid(b467b15a4dbe7b843a55870d138b3432) path("Assets/Scripts/distanceMove.cs") state(2)
Script is not up to date after domain reload: guid(04c157fc0c43e40708bcbe2aa8738140) path("Packages/com.unity.testtools.codecoverage/Editor/CoverageFormats/OpenCover/OpenCoverReporterFilter.cs") state(2)
Script is not up to date after domain reload: guid(a05dcd8be7ec4ccbb35c26219884aa37) path("Assets/TextMesh Pro/Examples & Extras/Scripts/TMP_TextSelector_B.cs") state(2)
Script is not up to date after domain reload: guid(083c6a3a5426382449369ddc12b691d8) path("Packages/com.unity.test-framework/UnityEditor.TestRunner/CommandLineTest/Executer.cs") state(2)
Script is not up to date after domain reload: guid(05e5ec437ea4f9f4aa7b89695aa05c82) path("Assets/Scripts/WaterScript.cs") state(2)
Script is not up to date after domain reload: guid(1aa08ab6e0800fa44ae55d278d1423e3) path("Packages/com.unity.ugui/Runtime/UI/Core/ScrollRect.cs") state(2)
Script is not up to date after domain reload: guid(12fb0a64d1c5b594395301a48d15405f) path("Packages/com.unity.testtools.codecoverage/Editor/Logging/LogVerbosityLevel.cs") state(2)
Script is not up to date after domain reload: guid(e8762061f0d084365b89042daabff543) path("Assets/Scripts/LevelOneStateManager.cs") state(2)
Script is not up to date after domain reload: guid(ac1eb05af6d391b4eb0f4c070a99f1d0) path("Assets/TextMesh Pro/Examples & Extras/Scripts/DropdownSample.cs") state(2)
Script is not up to date after domain reload: guid(83680ab1a69f4102ac67d1459fe76e1f) path("Assets/TextMesh Pro/Examples & Extras/Scripts/TMP_PhoneNumberValidator.cs") state(2)
Script is not up to date after domain reload: guid(fcb98740e9f34674a87ee205613f1de9) path("Packages/com.unity.testtools.codecoverage/Editor/CoverageFormats/OpenCover/OpenCoverResultWriter.cs") state(2)
Script is not up to date after domain reload: guid(73017ca5f5e11bd49adb6c1d1d3c5bb6) path("Packages/com.unity.testtools.codecoverage/Editor/Events/SessionEventInfo.cs") state(2)
Script is not up to date after domain reload: guid(91b8ba3d52e041fab2d0e0f169855539) path("Assets/TextMesh Pro/Examples & Extras/Scripts/VertexColorCycler.cs") state(2)
Script is not up to date after domain reload: guid(48230e4e90fb4d14a9d56bddea898413) path("Packages/com.unity.test-framework/UnityEngine.TestRunner/NUnitExtensions/Runner/UnityLogCheckDelegatingCommand.cs") state(2)
Script is not up to date after domain reload: guid(e32c266ee6204b21a427753cb0694c81) path("Assets/TextMesh Pro/Examples & Extras/Scripts/TeleType.cs") state(2)
Script is not up to date after domain reload: guid(a3d3ef1a5bbfb4e0a910fbbe5830b1f9) path("Assets/Standard Assets/Environment/Water/Water/Scripts/Water.cs") state(2)
Script is not up to date after domain reload: guid(8c99a0b3345de47ffbed691cf0a60c55) path("Assets/Scripts/LevelManager.cs") state(2)
Script is not up to date after domain reload: guid(19c452e5a0056ea48a0582db36113b72) path("Packages/com.unity.testtools.codecoverage/Editor/CoverageWindow/PathsToAddHandler.cs") state(2)
Script is not up to date after domain reload: guid(52ec835d14bd486f900952b77698b7eb) path("Assets/TextMesh Pro/Examples & Extras/Scripts/VertexZoom.cs") state(2)
Script is not up to date after domain reload: guid(4d616d1a494edd144b262cf6cd5e5fda) path("Packages/com.unity.test-framework/UnityEditor.TestRunner/CommandLineTest/TestStarter.cs") state(2)
Script is not up to date after domain reload: guid(767365db77168f744af8685807ad7f4b) path("Packages/com.unity.settings-manager/Tests/Editor/SettingsTests.cs") state(2)
Script is not up to date after domain reload: guid(223e1a5330ab8468782152a65e857f94) path("Packages/com.unity.settings-manager/Editor/SettingsGUILayout.cs") state(2)
Script is not up to date after domain reload: guid(7edf2261eddd54b76b05385ea5b9d48c) path("Assets/Scripts/LevelOneManager.cs") state(2)
Script is not up to date after domain reload: guid(1289c850c3972409c9b2c8995a014b97) path("Assets/Scripts/Respawn.cs") state(2)
Script is not up to date after domain reload: guid(f970ea55f9f84bf79b05dab180b8c125) path("Assets/TextMesh Pro/Examples & Extras/Scripts/Benchmark01.cs") state(2)
Script is not up to date after domain reload: guid(1cddf785b0d07434d8e0607c97b09135) path("Packages/com.unity.test-framework/UnityEditor.TestRunner/TestLaunchers/TestLauncherBase.cs") state(2)
Script is not up to date after domain reload: guid(68993ba529ae04440916cb7c23bf3279) path("Packages/com.unity.test-framework/UnityEditor.TestRunner/Api/TestRunnerApi.cs") state(2)
========================================================================
Worker process is ready to serve import requests
Script is not up to date after domain reload: guid(7a79c4e23d4d4b64bfa5fa9e6671a460) path("Packages/com.unity.ugui/Runtime/EventSystem/UIElements/PanelRaycaster.cs") state(2)
Script is not up to date after domain reload: guid(fe87c0e1cc204ed48ad3b37840f39efc) path("Packages/com.unity.ugui/Runtime/UI/Core/Image.cs") state(2)
Script is not up to date after domain reload: guid(4769fe1e7475c8843b092338acbcad25) path("Packages/com.unity.test-framework/UnityEditor.TestRunner/TestRun/Tasks/LegacyPlayModeRunTask.cs") state(2)
Script is not up to date after domain reload: guid(2fcdb9402e0a4427bd5bd01f71ecf6d5) path("Packages/com.unity.test-framework/UnityEngine.TestRunner/Assertions/OutOfOrderExpectedLogMessageException.cs") state(2)
Script is not up to date after domain reload: guid(edb0be1cce1f89849aa6254d50438c30) path("Packages/com.unity.testtools.codecoverage/Editor/Stripping/PathStripping.cs") state(2)
Script is not up to date after domain reload: guid(7a98125502f715b4b83cfb77b434e436) path("Packages/com.unity.ugui/Runtime/UI/Core/Selectable.cs") state(2)
Script is not up to date after domain reload: guid(c9219e99d466b7741a057132d1994f35) path("Packages/com.unity.test-framework/UnityEditor.TestRunner/TestRunner/EditModeRunner.cs") state(2)
Script is not up to date after domain reload: guid(d412675cfb3441efa3bf8dcd9b7624dc) path("Assets/TextMesh Pro/Examples & Extras/Scripts/SkewTextExample.cs") state(2)
Script is not up to date after domain reload: guid(0efb23ecb373b6d4bbe5217485785138) path("Packages/com.unity.test-framework/UnityEditor.TestRunner/TestLaunchers/RuntimeTestLauncherBase.cs") state(2)
Script is not up to date after domain reload: guid(2799eb4c84e72e54092a292cf626936b) path("Packages/com.unity.test-framework/UnityEngine.TestRunner/TestRunner/PlaymodeTestsControllerSettings.cs") state(2)
Script is not up to date after domain reload: guid(9eff140b25d64601aabc6ba32245d099) path("Assets/TextMesh Pro/Examples & Extras/Scripts/SimpleScript.cs") state(2)
Script is not up to date after domain reload: guid(fc31799bd6dc1f74a8adfee1acd05a9b) path("Packages/com.unity.ugui/Tests/Editor/WrapperWindowFixture.cs") state(2)
Script is not up to date after domain reload: guid(b5115ff20f1ea204dac14fa49c0e8f69) path("Packages/com.unity.testtools.codecoverage/Editor/CoverageWindow/CodeCoverageWindow.cs") state(2)
Script is not up to date after domain reload: guid(3484c53050e20474bb37d3808245721a) path("Packages/com.unity.timeline/Editor/Undo/UndoExtensions.cs") state(2)
Script is not up to date after domain reload: guid(a4de51612c756544d8fe7cf88093aa25) path("Packages/com.unity.testtools.codecoverage/Editor/Logging/ResultsLogger.cs") state(2)
Script is not up to date after domain reload: guid(1385bc74f3945c943be16ecbb1381063) path("Packages/com.unity.ugui/Editor/UI/PropertyDrawers/DropdownOptionListDrawer.cs") state(2)
Script is not up to date after domain reload: guid(75df57ccb1e44c64085399277405e1ca) path("Packages/com.unity.ugui/Runtime/EventSystem/EventData/PointerEventData.cs") state(2)
Script is not up to date after domain reload: guid(0846ad73a5274e88951b2645bf7dac6c) path("Packages/com.unity.settings-manager/Editor/FileSettingsRepository.cs") state(2)
Script is not up to date after domain reload: guid(5440c1153b397e14c9c7b1d6eb83b9f9) path("Packages/com.unity.test-framework/UnityEngine.TestRunner/NUnitExtensions/Attributes/UnityPlatformAttribute.cs") state(2)
Script is not up to date after domain reload: guid(6e0e62db88935c74288c97c907243bd0) path("Packages/com.unity.test-framework/UnityEditor.TestRunner/Api/TestAdaptor.cs") state(2)
Script is not up to date after domain reload: guid(d3c815396f3a64c2d925a2100e08e093) path("Packages/com.unity.settings-manager/Editor/Settings.cs") state(2)
Script is not up to date after domain reload: guid(102e512f651ee834f951a2516c1ea3b8) path("Packages/com.unity.test-framework/UnityEngine.TestRunner/TestRunner/PlaymodeTestsController.cs") state(2)
Script is not up to date after domain reload: guid(c62b7d87755b447919138e67f8e22e0c) path("Assets/Standard Assets/Environment/Water/Water/Scripts/Displace.cs") state(2)
Script is not up to date after domain reload: guid(900aac3710bc14542a8d164e3f0ff820) path("Packages/com.unity.test-framework/UnityEditor.TestRunner/UnityTestProtocol/UnityTestProtocolListener.cs") state(2)
Script is not up to date after domain reload: guid(961642509dec50b44a293d26240140ec) path("Packages/com.unity.test-framework/UnityEditor.TestRunner/TestLaunchers/PlatformSetup/AndroidPlatformSetup.cs") state(2)
Script is not up to date after domain reload: guid(f867743975592a743a3581ff042bcc25) path("Packages/com.unity.ugui/Editor/UI/MenuOptions.cs") state(2)
Script is not up to date after domain reload: guid(1344c3c82d62a2a41a3576d8abb8e3ea) path("Packages/com.unity.ugui/Runtime/UI/Core/RawImage.cs") state(2)
Script is not up to date after domain reload: guid(f448135eda82d4eb0872e8767827f7fd) path("Assets/Scripts/CameraController.cs") state(2)
Script is not up to date after domain reload: guid(43a3aec217baa9644a7cf34b5f93fed9) path("Packages/com.unity.test-framework/UnityEngine.TestRunner/Utils/AssemblyProvider/PlayerTestAssemblyProvider.cs") state(2)
Script is not up to date after domain reload: guid(05f92e4a2414cb144a92157752dfa324) path("Packages/com.unity.test-framework/UnityEditor.TestRunner/Api/Filter.cs") state(2)
Script is not up to date after domain reload: guid(4bbc17b35884fdf468e4b52ae4222882) path("Packages/com.unity.test-framework/UnityEngine.TestRunner/Assertions/LogScope/LogScope.cs") state(2)
Script is not up to date after domain reload: guid(a6238e9452bfc704f82ff36791fe1a45) path("Packages/com.unity.ugui/Runtime/UI/Core/Graphic.cs") state(2)
Script is not up to date after domain reload: guid(ad34571c1c8d47f69e48865ba5a256d9) path("Packages/com.unity.settings-manager/Tests/Editor/TestProjectUserSettings.cs") state(2)
Script is not up to date after domain reload: guid(0dc75b34a006d47f48c004031e6ef14d) path("Packages/com.unity.settings-manager/Editor/UserSettingsProvider.cs") state(2)
Script is not up to date after domain reload: guid(26f3e7301af463c4ca72fa98d59b429e) path("Packages/com.unity.test-framework/UnityEditor.TestRunner/TestRunner/Utils/CachingTestListProvider.cs") state(2)
Script is not up to date after domain reload: guid(4f939b9e23a0946439b812551e07ac81) path("Packages/com.unity.test-framework/UnityEngine.TestRunner/NUnitExtensions/ActionDelegator.cs") state(2)
Script is not up to date after domain reload: guid(4185bc77c7194462ca3b1097ef4a5de0) path("Assets/Standard Assets/Environment/Water/Water/Scripts/PlanarReflection.cs") state(2)
Script is not up to date after domain reload: guid(8ef7be1c625941f7ba8ed7cc71718c0d) path("Assets/TextMesh Pro/Examples & Extras/Scripts/Benchmark01_UGUI.cs") state(2)
Script is not up to date after domain reload: guid(8e2e054ed623847d29efb1262605e8ef) path("Packages/com.unity.settings-manager/Editor/PackageSettingsRepository.cs") state(2)
Script is not up to date after domain reload: guid(76c392e42b5098c458856cdf6ecaaaa1) path("Packages/com.unity.ugui/Runtime/EventSystem/EventSystem.cs") state(2)
Script is not up to date after domain reload: guid(be156cc527d606b4aaac403e9843186e) path("Packages/com.unity.timeline/Runtime/Playables/DirectorControlPlayable.cs") state(2)
Script is not up to date after domain reload: guid(0d2f50a8e0bb841a5aaa90ae55db8849) path("Assets/Standard Assets/Environment/Water (Basic)/Scripts/WaterBasic.cs") state(2)
Script is not up to date after domain reload: guid(103e0a6a1d404693b9fb1a5173e0e979) path("Assets/TextMesh Pro/Examples & Extras/Scripts/TMP_TextSelector_A.cs") state(2)
Script is not up to date after domain reload: guid(63228051c023f5648a54800d29fdc6c1) path("Packages/com.unity.testtools.codecoverage/Editor/Filtering/AssemblyFiltering.cs") state(2)
Script is not up to date after domain reload: guid(d199490a83bb2b844b9695cbf13b01ef) path("Packages/com.unity.ugui/Runtime/UI/Core/InputField.cs") state(2)
Script is not up to date after domain reload: guid(712896fdadbc6744585b09d9e159c025) path("Packages/com.unity.testtools.codecoverage/Editor/Analytics/CoverageAnalytics.cs") state(2)
Script is not up to date after domain reload: guid(b662f155e14546d0b72f129800d013d0) path("Packages/com.unity.timeline/Editor/Window/TimelinePlaybackControls.cs") state(2)
Script is not up to date after domain reload: guid(b9eb962217e00bf4fbc734e109991fca) path("Packages/com.unity.ugui/Tests/Runtime/Layout/GridLayoutGroupTests.cs") state(2)
Script is not up to date after domain reload: guid(7ea67431821494cfca380c0e07258751) path("Packages/com.unity.settings-manager/Editor/Attributes.cs") state(2)
Script is not up to date after domain reload: guid(f7cfa58e417a46ea8889989684c2522e) path("Assets/TextMesh Pro/Examples & Extras/Scripts/VertexShakeA.cs") state(2)
Script is not up to date after domain reload: guid(dc20866c0d5e413ab7559440e15333ae) path("Assets/TextMesh Pro/Examples & Extras/Scripts/Benchmark04.cs") state(2)
Script is not up to date after domain reload: guid(83eda34b7da01e04aa894f268158b0c0) path("Packages/com.unity.test-framework/UnityEditor.TestRunner/TestSettings/ITestSettings.cs") state(2)
Script is not up to date after domain reload: guid(0ded9e836bf5e8f45952430247707da1) path("Packages/com.unity.testtools.codecoverage/Editor/Utils/CoverageUtils.cs") state(2)
Script is not up to date after domain reload: guid(53d91f98a2664f5cb9af11de72ac54ec) path("Assets/TextMesh Pro/Examples & Extras/Scripts/ChatController.cs") state(2)
Script is not up to date after domain reload: guid(b7468a027a77337478e133b40b42b4f9) path("Packages/com.unity.test-framework/UnityEditor.TestRunner/CommandLineTest/SettingsBuilder.cs") state(2)
Script is not up to date after domain reload: guid(110d5035a36a6a34580fb65bb40cd78f) path("Packages/com.unity.test-framework/UnityEngine.TestRunner/NUnitExtensions/Runner/CompositeWorkItem.cs") state(2)
Script is not up to date after domain reload: guid(a4d4c76e63944cba8c7d00f56334b98c) path("Assets/TextMesh Pro/Examples & Extras/Scripts/TextMeshProFloatingText.cs") state(2)
Script is not up to date after domain reload: guid(d21dcc2386d650c4597f3633c75a1f98) path("Packages/com.unity.timeline/Runtime/Animation/AnimationTrack.cs") state(2)
Script is not up to date after domain reload: guid(eb2f3c5bf79e22046b2e3866dc3acb99) path("Packages/com.unity.timeline/Editor/Window/TimelineWindow_PlaybackControls.cs") state(2)
Script is not up to date after domain reload: guid(1ac58cb55fc8daf4abd3945a2bbbb0c5) path("Packages/com.unity.test-framework/UnityEditor.TestRunner/UnityTestProtocol/UnityTestProtocolStarter.cs") state(2)
Script is not up to date after domain reload: guid(e4e0d9ccee5f4950be8979268c9014e0) path("Assets/TextMesh Pro/Examples & Extras/Scripts/VertexShakeB.cs") state(2)
Script is not up to date after domain reload: guid(69e3979b7029e8a4da2d96b714ba5c3a) path("Packages/com.unity.ugui/Runtime/UI/Core/GraphicRegistry.cs") state(2)
Script is not up to date after domain reload: guid(bc98484caab3b6d4facbcff38be93380) path("Packages/com.unity.ugui/Editor/UI/SliderEditor.cs") state(2)
Script is not up to date after domain reload: guid(89b044dfcdc3f2844a14c8c186ea9107) path("Assets/Scripts/EnemyMove.cs") state(2)
Script is not up to date after domain reload: guid(ac68f5ae37c8957468562b8da42f9984) path("Packages/com.unity.test-framework/UnityEditor.TestRunner/TestLaunchers/EditModeLauncher.cs") state(2)
Script is not up to date after domain reload: guid(3c0826daeb1e45578e12fbbd2b89b638) path("Packages/com.unity.timeline/Editor/Window/ViewModel/TimelineAssetViewModel_versions.cs") state(2)
Script is not up to date after domain reload: guid(a4b6f99e8bc54541bbd149b014ff441c) path("Assets/TextMesh Pro/Examples & Extras/Scripts/EnvMapAnimator.cs") state(2)
Script is not up to date after domain reload: guid(24b0dc2d1d494adbbec1f4db26b4cf83) path("Assets/TextMesh Pro/Examples & Extras/Scripts/TMP_UiFrameRateCounter.cs") state(2)
Script is not up to date after domain reload: guid(42e7f46d0e5a84171a3909479c1646ba) path("Assets/Standard Assets/Environment/Water/Water/Scripts/GerstnerDisplace.cs") state(2)
Script is not up to date after domain reload: guid(018f1adb8258a4133b73805294498947) path("Packages/com.unity.settings-manager/Tests/Editor/MultipleProjectSettings.cs") state(2)
Script is not up to date after domain reload: guid(c3ec6d10638d94feaa03c223b6fee2cc) path("Packages/com.unity.settings-manager/Editor/UserSetting.cs") state(2)
Script is not up to date after domain reload: guid(2011a59d3f76b3d4a85cb53f945fceee) path("Packages/com.unity.test-framework/UnityEditor.TestRunner/UnityTestProtocol/TestRunnerApiMapper.cs") state(2)
Script is not up to date after domain reload: guid(c49b4cc203aa6414fae5c798d1d0e7d6) path("Packages/com.unity.ugui/Runtime/EventSystem/Raycasters/PhysicsRaycaster.cs") state(2)
Script is not up to date after domain reload: guid(88495ce69d27f4ed2816d08ed3e29851) path("Assets/Scripts/PlayerController.cs") state(2)
Script is not up to date after domain reload: guid(8bc74398aa3944646ade4ee78cd57484) path("Packages/com.unity.test-framework/UnityEngine.TestRunner/NUnitExtensions/TestExtensions.cs") state(2)
Script is not up to date after domain reload: guid(2d687537154440a3913a9a3c7977978c) path("Assets/TextMesh Pro/Examples & Extras/Scripts/CameraController.cs") state(2)
Script is not up to date after domain reload: guid(55b039429b8e8984782061e49b8ff4b0) path("Packages/com.unity.testtools.codecoverage/Editor/CoverageRunData.cs") state(2)
Script is not up to date after domain reload: guid(cbbca1d8a0434be4bbc7f165523763ac) path("Packages/com.unity.test-framework/UnityEngine.TestRunner/NUnitExtensions/Commands/BeforeAfterTestCommandBase.cs") state(2)
Script is not up to date after domain reload: guid(63572993f2104574099a48392460b211) path("Packages/com.unity.test-framework/UnityEditor.TestRunner/CommandLineTest/SetupException.cs") state(2)
Script is not up to date after domain reload: guid(d79cb9ecc0d4a6d428ab98a681a33897) path("Packages/com.unity.timeline/Editor/Window/ViewModel/TimelineAssetViewModel.cs") state(2)
Script is not up to date after domain reload: guid(c3c1afeda5e545e0b19add5373896d2e) path("Assets/TextMesh Pro/Examples & Extras/Scripts/TMPro_InstructionOverlay.cs") state(2)
Script is not up to date after domain reload: guid(6a3af79041a1431ab3a2a9395a7ed2ae) path("Packages/com.unity.test-framework/UnityEngine.TestRunner/NUnitExtensions/OrderedTestSuiteModifier.cs") state(2)
Script is not up to date after domain reload: guid(1cd4c35cbb07847cdb1a27c08ba89bf8) path("Assets/Scripts/UIManager.cs") state(2)
Script is not up to date after domain reload: guid(82f98a3276a149b5833357e702c1d843) path("Packages/com.unity.timeline/Editor/State/PlayRange.cs") state(2)
Script is not up to date after domain reload: guid(6f2c5b59b6874405865e2616e4ec276a) path("Assets/TextMesh Pro/Examples & Extras/Scripts/TMP_ExampleScript_01.cs") state(2)
Script is not up to date after domain reload: guid(d0663d520c26b7c48a4135599e66acf8) path("Packages/com.unity.test-framework/UnityEditor.TestRunner/Api/TestAdaptorFactory.cs") state(2)
Script is not up to date after domain reload: guid(43bcd35a1c0c40ccb6d472893fe2093f) path("Assets/TextMesh Pro/Examples & Extras/Scripts/TextConsoleSimulator.cs") state(2)
Script is not up to date after domain reload: guid(006633c8a6f4ae94aa9babf72234e1a2) path("Packages/com.unity.ugui/Runtime/UI/Core/Layout/LayoutRebuilder.cs") state(2)
Script is not up to date after domain reload: guid(4f19c7f94c794c5097d8bd11e39c750d) path("Assets/TextMesh Pro/Examples & Extras/Scripts/ObjectSpin.cs") state(2)
Script is not up to date after domain reload: guid(d973fc1524e4d724081553934c55958c) path("Packages/com.unity.test-framework/UnityEditor.TestRunner/TestLaunchers/PlayerLauncher.cs") state(2)
Script is not up to date after domain reload: guid(14d748c963c7b3549bed45457cc92c4f) path("Packages/com.unity.timeline/Editor/Window/TimelineWindow_PlayRange.cs") state(2)
Script is not up to date after domain reload: guid(4c006cc4132f4e2d8b3e7208af3e208c) path("Packages/com.unity.test-framework/UnityEngine.TestRunner/NUnitExtensions/ITestSuiteModifier.cs") state(2)
Script is not up to date after domain reload: guid(21256c5b62f346f18640dad779911e20) path("Assets/TextMesh Pro/Examples & Extras/Scripts/TMP_TextInfoDebugTool.cs") state(2)
Script is not up to date after domain reload: guid(1ea10891dd782154ca0fb67bce9e6f72) path("Packages/com.unity.ugui/Runtime/EventSystem/InputModules/BaseInputModule.cs") state(2)
Script is not up to date after domain reload: guid(8a8695521f0d02e499659fee002a26c2) path("Packages/com.unity.ugui/Runtime/UI/Core/Layout/GridLayoutGroup.cs") state(2)
Script is not up to date after domain reload: guid(1f2a7e0d1b6bbba408a41e206945c23c) path("Packages/com.unity.timeline/Runtime/Utilities/TimelineUndo.cs") state(2)
Script is not up to date after domain reload: guid(d736ce056cf444ca96e424f4d9c42b76) path("Assets/TextMesh Pro/Examples & Extras/Scripts/TMP_TextEventCheck.cs") state(2)
Script is not up to date after domain reload: guid(30e7b5764902497297f0c9ca80bb179a) path("Packages/com.unity.settings-manager/Editor/ProjectUserSettings.cs") state(2)
Script is not up to date after domain reload: guid(df8df80bb65e9ec4280229a9921c4f3c) path("Packages/com.unity.timeline/Editor/State/WindowState.cs") state(2)
Script is not up to date after domain reload: guid(d4dbe29df1b294c4f8f0a2fb529d19fd) path("Packages/com.unity.ugui/Tests/Runtime/Canvas/CanvasResizeCorrectlyForRenderTexture.cs") state(2)
Script is not up to date after domain reload: guid(927d3aca6e103714abf816653018e5be) path("Packages/com.unity.testtools.codecoverage/lib/ReportGenerator/ReportGeneratorMerged.dll") state(2)
Script is not up to date after domain reload: guid(874e40a588dbb1e48bc128d686337d4e) path("Packages/com.unity.test-framework/UnityEngine.TestRunner/NUnitExtensions/Runner/UnityTestAssemblyRunner.cs") state(2)
Script is not up to date after domain reload: guid(b180d0cec21671c45a32a9ce99bff2f5) path("Packages/com.unity.ugui/Tests/Editor/Dropdown/DropdownOptionsListDrawer.cs") state(2)
Script is not up to date after domain reload: guid(2787a46a4dc848c1b4b7b9307b614bfd) path("Assets/TextMesh Pro/Examples & Extras/Scripts/ShaderPropAnimator.cs") state(2)
Script is not up to date after domain reload: guid(c2441d353f9c42a44af6e224e4901b52) path("Packages/com.unity.test-framework/UnityEditor.TestRunner/TestRun/Tasks/BuildActionTaskBase.cs") state(2)
Script is not up to date after domain reload: guid(790744c462254b7ba8038e6ed28b3db2) path("Assets/TextMesh Pro/Examples & Extras/Scripts/WarpTextExample.cs") state(2)
Script is not up to date after domain reload: guid(7ab5c92c8c1059a4e92378da3696821e) path("Packages/com.unity.testtools.codecoverage/Editor/Analytics/CoverageAnalyticsEvent.cs") state(2)
Script is not up to date after domain reload: guid(6b32b6725087a0d4bb1670818d26996e) path("Packages/com.unity.test-framework/UnityEditor.TestRunner/TestSettings/TestSettings.cs") state(2)
Script is not up to date after domain reload: guid(6dea3ceed709149e5969d3c20ad1898d) path("Packages/com.unity.testtools.codecoverage/Editor/CoverageReporterManager.cs") state(2)
Script is not up to date after domain reload: guid(e4e290d31ab7fb54880746bb8f818e0d) path("Packages/com.unity.ugui/Tests/Runtime/EventSystem/InputModuleTests.cs") state(2)
Script is not up to date after domain reload: guid(6965211c873de4048aa9043e5e287c73) path("Packages/com.unity.settings-manager/Editor/UserSettingsRepository.cs") state(2)
Script is not up to date after domain reload: guid(8707cf6fb25b1438b9a0f476f93a76fe) path("Packages/com.unity.settings-manager/Editor/ISettingsRepository.cs") state(2)
Script is not up to date after domain reload: guid(1a7eb92a01ed499a987bde9def05fbce) path("Assets/TextMesh Pro/Examples & Extras/Scripts/TMP_DigitValidator.cs") state(2)
Script is not up to date after domain reload: guid(8a410b213209442fb15a69799f0240a5) path("Packages/com.unity.ugui/Runtime/EventSystem/UIElements/PanelEventHandler.cs") state(2)
Script is not up to date after domain reload: guid(b42e1db66fe9c634798674cb9e1df2ca) path("Packages/com.unity.test-framework/UnityEngine.TestRunner/NUnitExtensions/ConstructDelegator.cs") state(2)
Script is not up to date after domain reload: guid(37daebf6e06b3d247b881c003705673d) path("Packages/com.unity.testtools.codecoverage/Editor/ReportGenerator/CoverageReportGenerator.cs") state(2)
Script is not up to date after domain reload: guid(eea34a28297f9bc4c9f4c573bc8d5d1c) path("Packages/com.unity.test-framework/UnityEditor.TestRunner/Api/ExecutionSettings.cs") state(2)
Script is not up to date after domain reload: guid(f7e6fc076c9242b19d42a4b2cc9d0507) path("Packages/com.unity.settings-manager/Tests/Editor/SettingsTestBase.cs") state(2)
Script is not up to date after domain reload: guid(3504aa04cda851b44a65973f9aead6f7) path("Packages/com.unity.test-framework/UnityEngine.TestRunner/Assertions/LogScope/ILogScope.cs") state(2)
Script is not up to date after domain reload: guid(d3217d58bbd1d2b4aaee933e2e8b9195) path("Packages/com.unity.test-framework/UnityEditor.TestRunner/TestLaunchers/PlaymodeLauncher.cs") state(2)
Script is not up to date after domain reload: guid(e8538afcddc14efbb5d9e94b7ae50197) path("Assets/TextMesh Pro/Examples & Extras/Scripts/Benchmark02.cs") state(2)
Script is not up to date after domain reload: guid(8d51cefca684e6d49b7dc6e963541e41) path("Packages/com.unity.testtools.codecoverage/Editor/Events/Events.cs") state(2)
Script is not up to date after domain reload: guid(76c11bbcfddf44e0ba17d6c2751c8d84) path("Assets/TextMesh Pro/Examples & Extras/Scripts/TextMeshSpawner.cs") state(2)
Script is not up to date after domain reload: guid(b1c789407b55e3a4c9cc86135a714e33) path("Packages/com.unity.timeline/Editor/Actions/TimelineActions.cs") state(2)
Script is not up to date after domain reload: guid(11aab40bae0d491c94ca2df97f155bac) path("Packages/com.unity.settings-manager/Tests/Editor/FileRepositoryTests.cs") state(2)
Script is not up to date after domain reload: guid(258e29582df66a741937fe410463ad97) path("Packages/com.unity.testtools.codecoverage/Editor/CoverageFormats/OpenCover/OpenCoverReporter.cs") state(2)
Script is not up to date after domain reload: guid(ebcc5f899d9277642868aeda9a17cbaf) path("Packages/com.unity.test-framework/UnityEditor.TestRunner/UnityTestProtocol/UtpMessageReporter.cs") state(2)
Script is not up to date after domain reload: guid(2e527bb4ce87bf945b91e3d46cc73202) path("Packages/com.unity.testtools.codecoverage/Editor/Events/SessionMode.cs") state(2)
Script is not up to date after domain reload: guid(a73109742c8d47ac822895a473300c29) path("Assets/TextMesh Pro/Examples & Extras/Scripts/Benchmark03.cs") state(2)
Script is not up to date after domain reload: guid(22899211c24eeb248b22704499dd108f) path("Packages/com.unity.timeline/Editor/Trackhead.cs") state(2)
Script is not up to date after domain reload: guid(a0288e1c9324e824bab7e2044a72a434) path("Packages/com.unity.test-framework/UnityEditor.TestRunner/TestRun/Tasks/BuildTestTreeTask.cs") state(2)
Script is not up to date after domain reload: guid(b93fe5bbea454ae438fcec241c5fa85b) path("Packages/com.unity.test-framework/UnityEditor.TestRunner/TestRun/Tasks/LegacyPlayerRunTask.cs") state(2)
Script is not up to date after domain reload: guid(2a91e8dd37cdd41efb4859b65aced7a2) path("Assets/Standard Assets/Environment/Water/Water/Scripts/WaterTile.cs") state(2)
Script is not up to date after domain reload: guid(5c9c9f62af2efb948a1974650039e2db) path("Packages/com.unity.timeline/Editor/Window/TimelineWindow_PreviewPlayMode.cs") state(2)
Script is not up to date after domain reload: guid(de2ab2b9ac93bb544b9552e49030371b) path("Assets/Standard Assets/Environment/Water/Water/Scripts/SpecularLighting.cs") state(2)
Script is not up to date after domain reload: guid(686ec78b56aa445795335fbadafcfaa4) path("Assets/TextMesh Pro/Examples & Extras/Scripts/TMP_FrameRateCounter.cs") state(2)
Script is not up to date after domain reload: guid(b4246555189b5ee43b4857220f9fd29b) path("Packages/com.unity.test-framework/UnityEditor.TestRunner/TestRun/Tasks/LegacyEditModeRunTask.cs") state(2)
Script is not up to date after domain reload: guid(f779e779d62b5ca49b658236c337845d) path("Packages/com.unity.timeline/Runtime/Utilities/TimeUtility.cs") state(2)
Script is not up to date after domain reload: guid(c890977a36bfdc849872b9337ab89098) path("Packages/com.unity.ugui/Editor/UI/GraphicEditor.cs") state(2)
Script is not up to date after domain reload: guid(3d1e5d1da297ded489d27da1867372cb) path("Packages/com.unity.testtools.codecoverage/Editor/CommandLineManager.cs") state(2)
Script is not up to date after domain reload: guid(98ba0396e4b4ee8498a8f097affcfddf) path("Packages/com.unity.test-framework/UnityEngine.TestRunner/NUnitExtensions/UnityTestAssemblyBuilder.cs") state(2)
Script is not up to date after domain reload: guid(a1da353243062479a9b31c85074a796b) path("Assets/Standard Assets/Environment/Water/Water/Scripts/WaterBase.cs") state(2)
Script is not up to date after domain reload: guid(75e7d7a9a57458841a85fe42d9c9141f) path("Packages/com.unity.test-framework/UnityEditor.TestRunner/TestSettings/TestSettingsDeserializer.cs") state(2)
Script is not up to date after domain reload: guid(d8d52aaf8fdd54b95ab33af4cf05772e) path("Packages/com.unity.testtools.codecoverage/Editor/CoverageReporterListener.cs") state(2)
Script is not up to date after domain reload: guid(c97b794b51780d349a16826a4c7898d7) path("Packages/com.unity.test-framework/UnityEngine.TestRunner/Assertions/LogAssert.cs") state(2)
Script is not up to date after domain reload: guid(b89238309187f49a189ac012fdf42ef9) path("Assets/Scripts/MainMenuScript.cs") state(2)
Script is not up to date after domain reload: guid(951d74f7d57bed84cb623c62436bd064) path("Assets/Standard Assets/Environment/Water/Water/Scripts/MeshContainer.cs") state(2)
Script is not up to date after domain reload: guid(2ed57967c52645d390a89dcf8f61ba73) path("Assets/TextMesh Pro/Examples & Extras/Scripts/VertexJitter.cs") state(2)
Script is not up to date after domain reload: guid(2638a7554bdf54f1d9c83b278883cf6b) path("Assets/Scripts/IntrotoGame.cs") state(2)
Script is not up to date after domain reload: guid(56666c5a40171f54783dd416a44f42bf) path("Packages/com.unity.ugui/Runtime/EventSystem/Raycasters/Physics2DRaycaster.cs") state(2)
Script is not up to date after domain reload: guid(cc233d649a6d0ea479f4e4fd4af4e4a9) path("Packages/com.unity.testtools.codecoverage/Editor/Events/CoverageEventData.cs") state(2)
Script is not up to date after domain reload: guid(1312ae25639a4bae8e25ae223209cc50) path("Assets/TextMesh Pro/Examples & Extras/Scripts/TMP_TextEventHandler.cs") state(2)
Script is not up to date after domain reload: guid(423fe2ef878fa1140a7e1f7f9e365815) path("Packages/com.unity.test-framework/UnityEditor.TestRunner/UnityTestProtocol/TestFinishedMessage.cs") state(2)
Script is not up to date after domain reload: guid(dfe0d35963084dcc899e4d32cca85455) path("Packages/com.unity.timeline/Editor/Window/TimelineEditorWindow.cs") state(2)
Script is not up to date after domain reload: guid(b467b15a4dbe7b843a55870d138b3432) path("Assets/Scripts/distanceMove.cs") state(2)
Script is not up to date after domain reload: guid(04c157fc0c43e40708bcbe2aa8738140) path("Packages/com.unity.testtools.codecoverage/Editor/CoverageFormats/OpenCover/OpenCoverReporterFilter.cs") state(2)
Script is not up to date after domain reload: guid(a05dcd8be7ec4ccbb35c26219884aa37) path("Assets/TextMesh Pro/Examples & Extras/Scripts/TMP_TextSelector_B.cs") state(2)
Script is not up to date after domain reload: guid(083c6a3a5426382449369ddc12b691d8) path("Packages/com.unity.test-framework/UnityEditor.TestRunner/CommandLineTest/Executer.cs") state(2)
Script is not up to date after domain reload: guid(05e5ec437ea4f9f4aa7b89695aa05c82) path("Assets/Scripts/WaterScript.cs") state(2)
Script is not up to date after domain reload: guid(1aa08ab6e0800fa44ae55d278d1423e3) path("Packages/com.unity.ugui/Runtime/UI/Core/ScrollRect.cs") state(2)
Script is not up to date after domain reload: guid(12fb0a64d1c5b594395301a48d15405f) path("Packages/com.unity.testtools.codecoverage/Editor/Logging/LogVerbosityLevel.cs") state(2)
Script is not up to date after domain reload: guid(e8762061f0d084365b89042daabff543) path("Assets/Scripts/LevelOneStateManager.cs") state(2)
Script is not up to date after domain reload: guid(ac1eb05af6d391b4eb0f4c070a99f1d0) path("Assets/TextMesh Pro/Examples & Extras/Scripts/DropdownSample.cs") state(2)
Script is not up to date after domain reload: guid(83680ab1a69f4102ac67d1459fe76e1f) path("Assets/TextMesh Pro/Examples & Extras/Scripts/TMP_PhoneNumberValidator.cs") state(2)
Script is not up to date after domain reload: guid(fcb98740e9f34674a87ee205613f1de9) path("Packages/com.unity.testtools.codecoverage/Editor/CoverageFormats/OpenCover/OpenCoverResultWriter.cs") state(2)
Script is not up to date after domain reload: guid(73017ca5f5e11bd49adb6c1d1d3c5bb6) path("Packages/com.unity.testtools.codecoverage/Editor/Events/SessionEventInfo.cs") state(2)
Script is not up to date after domain reload: guid(91b8ba3d52e041fab2d0e0f169855539) path("Assets/TextMesh Pro/Examples & Extras/Scripts/VertexColorCycler.cs") state(2)
Script is not up to date after domain reload: guid(48230e4e90fb4d14a9d56bddea898413) path("Packages/com.unity.test-framework/UnityEngine.TestRunner/NUnitExtensions/Runner/UnityLogCheckDelegatingCommand.cs") state(2)
Script is not up to date after domain reload: guid(e32c266ee6204b21a427753cb0694c81) path("Assets/TextMesh Pro/Examples & Extras/Scripts/TeleType.cs") state(2)
Script is not up to date after domain reload: guid(a3d3ef1a5bbfb4e0a910fbbe5830b1f9) path("Assets/Standard Assets/Environment/Water/Water/Scripts/Water.cs") state(2)
Script is not up to date after domain reload: guid(8c99a0b3345de47ffbed691cf0a60c55) path("Assets/Scripts/LevelManager.cs") state(2)
Script is not up to date after domain reload: guid(19c452e5a0056ea48a0582db36113b72) path("Packages/com.unity.testtools.codecoverage/Editor/CoverageWindow/PathsToAddHandler.cs") state(2)
Script is not up to date after domain reload: guid(52ec835d14bd486f900952b77698b7eb) path("Assets/TextMesh Pro/Examples & Extras/Scripts/VertexZoom.cs") state(2)
Script is not up to date after domain reload: guid(4d616d1a494edd144b262cf6cd5e5fda) path("Packages/com.unity.test-framework/UnityEditor.TestRunner/CommandLineTest/TestStarter.cs") state(2)
Script is not up to date after domain reload: guid(767365db77168f744af8685807ad7f4b) path("Packages/com.unity.settings-manager/Tests/Editor/SettingsTests.cs") state(2)
Script is not up to date after domain reload: guid(223e1a5330ab8468782152a65e857f94) path("Packages/com.unity.settings-manager/Editor/SettingsGUILayout.cs") state(2)
Script is not up to date after domain reload: guid(7edf2261eddd54b76b05385ea5b9d48c) path("Assets/Scripts/LevelOneManager.cs") state(2)
Script is not up to date after domain reload: guid(1289c850c3972409c9b2c8995a014b97) path("Assets/Scripts/Respawn.cs") state(2)
Script is not up to date after domain reload: guid(f970ea55f9f84bf79b05dab180b8c125) path("Assets/TextMesh Pro/Examples & Extras/Scripts/Benchmark01.cs") state(2)
Script is not up to date after domain reload: guid(1cddf785b0d07434d8e0607c97b09135) path("Packages/com.unity.test-framework/UnityEditor.TestRunner/TestLaunchers/TestLauncherBase.cs") state(2)
Script is not up to date after domain reload: guid(68993ba529ae04440916cb7c23bf3279) path("Packages/com.unity.test-framework/UnityEditor.TestRunner/Api/TestRunnerApi.cs") state(2)
Switching build target platform(20) subTarget(0) extendedPlatform(0) -> platform(2) subTarget(0) extendedPlatform(0)
Launching external process: /Applications/Unity/Hub/Editor/2022.1.23f1/Unity.app/Contents/Tools/UnityShaderCompiler
Launched and connected shader compiler UnityShaderCompiler after 0.11 seconds
Refreshing native plugins compatible for Editor in 0.43 ms, found 1 plugins.
Preloading 0 native plugins for Editor in 0.00 ms.
Unloading 3615 Unused Serialized files (Serialized files now loaded: 0)
Unloading 20 unused Assets / (46.5 KB). Loaded Objects now: 4096.
Memory consumption went from 0.62 GB to 0.62 GB.
Total: 2.332916 ms (FindLiveObjects: 0.344375 ms CreateObjectMapping: 0.048958 ms MarkObjects: 1.867042 ms  DeleteObjects: 0.072000 ms)

AssetImportParameters requested are different than current active one (requested -> active):
  custom:video-decoder-ogg-theora: a1e56fd34408186e4bbccfd4996cb3dc -> 
  custom:container-muxer-webm: aa71ff27fc2769a1b78a27578f13a17b -> 
  custom:container-demuxer-webm: 4f35f7cbe854078d1ac9338744f61a02 -> 
  custom:video-encoder-webm-vp8: eb34c28f22e8b96e1ab97ce403110664 -> 
  custom:framework-osx-AVFoundation: e770b220cccbd017edd2c1fefb359320 -> 
  custom:audio-encoder-webm-vorbis: bf7c407c2cedff20999df2af8eb42d56 -> 
  custom:container-demuxer-ogg: 62fdf1f143b41e24485cea50d1cbac27 -> 
  custom:video-decoder-webm-vp8: 9c59270c3fd7afecdb556c50c9e8de78 -> 
  custom:audio-decoder-ogg-vorbis: bf7c407c2cedff20999df2af8eb42d56 -> 
========================================================================
Received Import Request.
  Time since last request: 1128894.913670 seconds.
  path: Assets/Scripts/LevelOneManager.cs
  artifactKey: Guid(7edf2261eddd54b76b05385ea5b9d48c) Importer(815301076,1909f56bfc062723c751e8b465ee728b)
Start importing Assets/Scripts/LevelOneManager.cs using Guid(7edf2261eddd54b76b05385ea5b9d48c) Importer(815301076,1909f56bfc062723c751e8b465ee728b)  -> (artifact id: '00000000000000000000000000000000') in 0.285695 seconds  code(4) message(Build asset version error: assets/scripts/levelonemanager.cs in SourceAssetDB has modification time of '2022-11-07T16:01:37.8207974Z' while content on disk has modification time of '2022-11-21T21:48:48Z')
  ERROR: Build asset version error: assets/scripts/levelonemanager.cs in SourceAssetDB has modification time of '2022-11-07T16:01:37.8207974Z' while content on disk has modification time of '2022-11-21T21:48:48Z'
========================================================================
Received Import Request.
  Time since last request: 0.000068 seconds.
  path: Assets/Scripts/distanceMove.cs
  artifactKey: Guid(b467b15a4dbe7b843a55870d138b3432) Importer(815301076,1909f56bfc062723c751e8b465ee728b)
Start importing Assets/Scripts/distanceMove.cs using Guid(b467b15a4dbe7b843a55870d138b3432) Importer(815301076,1909f56bfc062723c751e8b465ee728b)  -> (artifact id: '00000000000000000000000000000000') in 0.001136 seconds  code(4) message(Build asset version error: assets/scripts/distancemove.cs in SourceAssetDB has modification time of '2022-11-10T16:38:03.1840651Z' while content on disk has modification time of '2022-11-21T21:48:48Z')
  ERROR: Build asset version error: assets/scripts/distancemove.cs in SourceAssetDB has modification time of '2022-11-10T16:38:03.1840651Z' while content on disk has modification time of '2022-11-21T21:48:48Z'
========================================================================
Received Import Request.
  Time since last request: 0.000115 seconds.
  path: Assets/Scripts/LevelOneStateManager.cs
  artifactKey: Guid(e8762061f0d084365b89042daabff543) Importer(815301076,1909f56bfc062723c751e8b465ee728b)
Start importing Assets/Scripts/LevelOneStateManager.cs using Guid(e8762061f0d084365b89042daabff543) Importer(815301076,1909f56bfc062723c751e8b465ee728b)  -> (artifact id: '00000000000000000000000000000000') in 0.000559 seconds  code(4) message(Build asset version error: assets/scripts/levelonestatemanager.cs in SourceAssetDB has modification time of '2022-11-07T16:01:37.8218018Z' while content on disk has modification time of '2022-11-21T21:48:48Z')
  ERROR: Build asset version error: assets/scripts/levelonestatemanager.cs in SourceAssetDB has modification time of '2022-11-07T16:01:37.8218018Z' while content on disk has modification time of '2022-11-21T21:48:48Z'
========================================================================
Received Import Request.
  Time since last request: 0.000102 seconds.
  path: Assets/Scripts/IntrotoGame.cs
  artifactKey: Guid(2638a7554bdf54f1d9c83b278883cf6b) Importer(815301076,1909f56bfc062723c751e8b465ee728b)
Start importing Assets/Scripts/IntrotoGame.cs using Guid(2638a7554bdf54f1d9c83b278883cf6b) Importer(815301076,1909f56bfc062723c751e8b465ee728b)  -> (artifact id: '00000000000000000000000000000000') in 0.000546 seconds  code(4) message(Build asset version error: assets/scripts/introtogame.cs in SourceAssetDB has modification time of '2022-11-07T16:01:37.8186501Z' while content on disk has modification time of '2022-11-21T21:48:48Z')
  ERROR: Build asset version error: assets/scripts/introtogame.cs in SourceAssetDB has modification time of '2022-11-07T16:01:37.8186501Z' while content on disk has modification time of '2022-11-21T21:48:48Z'
========================================================================
Received Import Request.
  Time since last request: 0.000072 seconds.
  path: Assets/Scripts/LevelManager.cs
  artifactKey: Guid(8c99a0b3345de47ffbed691cf0a60c55) Importer(815301076,1909f56bfc062723c751e8b465ee728b)
Start importing Assets/Scripts/LevelManager.cs using Guid(8c99a0b3345de47ffbed691cf0a60c55) Importer(815301076,1909f56bfc062723c751e8b465ee728b)  -> (artifact id: '00000000000000000000000000000000') in 0.000596 seconds  code(4) message(Build asset version error: assets/scripts/levelmanager.cs in SourceAssetDB has modification time of '2022-11-10T14:00:23.9134092Z' while content on disk has modification time of '2022-11-21T21:48:48Z')
  ERROR: Build asset version error: assets/scripts/levelmanager.cs in SourceAssetDB has modification time of '2022-11-10T14:00:23.9134092Z' while content on disk has modification time of '2022-11-21T21:48:48Z'
