Using pre-set license
Built from '2022.1/staging' branch; Version is '2022.1.20f1 (01d83b40d570) revision 120891'; Using compiler version '192829333'; Build Type 'Release'
OS: 'Windows 10  (10.0.19044) 64bit Core' Language: 'en' Physical Memory: 8143 MB
BatchMode: 1, IsHumanControllingUs: 0, StartBugReporterOnCrash: 0, Is64bit: 1, IsPro: 1

COMMAND LINE ARGUMENTS:
D:\Unity\2022.1.20f1\Editor\Unity.exe
-adb2
-batchMode
-noUpm
-name
AssetImportWorker1
-projectPath
D:/amber/Documents/Github/ESC657U-N/Group Project
-logFile
Logs/AssetImportWorker1.log
-srvPort
59774
Successfully changed project path to: D:/amber/Documents/Github/ESC657U-N/Group Project
D:/amber/Documents/Github/ESC657U-N/Group Project
[UnityMemory] Configuration Parameters - Can be set up in boot.config
    "memorysetup-bucket-allocator-granularity=16"
    "memorysetup-bucket-allocator-bucket-count=8"
    "memorysetup-bucket-allocator-block-size=33554432"
    "memorysetup-bucket-allocator-block-count=8"
    "memorysetup-main-allocator-block-size=16777216"
    "memorysetup-thread-allocator-block-size=16777216"
    "memorysetup-gfx-main-allocator-block-size=16777216"
    "memorysetup-gfx-thread-allocator-block-size=16777216"
    "memorysetup-cache-allocator-block-size=4194304"
    "memorysetup-typetree-allocator-block-size=2097152"
    "memorysetup-profiler-bucket-allocator-granularity=16"
    "memorysetup-profiler-bucket-allocator-bucket-count=8"
    "memorysetup-profiler-bucket-allocator-block-size=33554432"
    "memorysetup-profiler-bucket-allocator-block-count=8"
    "memorysetup-profiler-allocator-block-size=16777216"
    "memorysetup-profiler-editor-allocator-block-size=1048576"
    "memorysetup-temp-allocator-size-main=16777216"
    "memorysetup-job-temp-allocator-block-size=2097152"
    "memorysetup-job-temp-allocator-block-size-background=1048576"
    "memorysetup-job-temp-allocator-reduction-small-platforms=262144"
    "memorysetup-temp-allocator-size-background-worker=32768"
    "memorysetup-temp-allocator-size-job-worker=262144"
    "memorysetup-temp-allocator-size-preload-manager=33554432"
    "memorysetup-temp-allocator-size-nav-mesh-worker=65536"
    "memorysetup-temp-allocator-size-audio-worker=65536"
    "memorysetup-temp-allocator-size-cloud-worker=32768"
    "memorysetup-temp-allocator-size-gi-baking-worker=262144"
    "memorysetup-temp-allocator-size-gfx=262144"
Refreshing native plugins compatible for Editor in 121.19 ms, found 3 plugins.
Preloading 0 native plugins for Editor in 0.00 ms.
Initialize engine version: 2022.1.20f1 (01d83b40d570)
[Subsystems] Discovering subsystems at path D:/Unity/2022.1.20f1/Editor/Data/Resources/UnitySubsystems
[Subsystems] Discovering subsystems at path D:/amber/Documents/Github/ESC657U-N/Group Project/Assets
GfxDevice: creating device client; threaded=0; jobified=0
Direct3D:
    Version:  Direct3D 11.0 [level 11.1]
    Renderer: NVIDIA GeForce GTX 1060 3GB (ID=0x1c02)
    Vendor:   NVIDIA
    VRAM:     2988 MB
    Driver:   30.0.15.1215
Initialize mono
Mono path[0] = 'D:/Unity/2022.1.20f1/Editor/Data/Managed'
Mono path[1] = 'D:/Unity/2022.1.20f1/Editor/Data/MonoBleedingEdge/lib/mono/unityjit-win32'
Mono config path = 'D:/Unity/2022.1.20f1/Editor/Data/MonoBleedingEdge/etc'
Using monoOptions --debugger-agent=transport=dt_socket,embedding=1,server=y,suspend=n,address=127.0.0.1:56416
Begin MonoManager ReloadAssembly
Registering precompiled unity dll's ...
Registered in 0.010357 seconds.
Refreshing native plugins compatible for Editor in 125.35 ms, found 3 plugins.
Preloading 0 native plugins for Editor in 0.00 ms.
Mono: successfully reloaded assembly
- Completed reload, in  1.385 seconds
Domain Reload Profiling:
	ReloadAssembly (1386ms)
		BeginReloadAssembly (168ms)
			ExecutionOrderSort (0ms)
			DisableScriptedObjects (0ms)
			BackupInstance (0ms)
			ReleaseScriptingObjects (0ms)
			CreateAndSetChildDomain (1ms)
		EndReloadAssembly (793ms)
			LoadAssemblies (167ms)
			RebuildTransferFunctionScriptingTraits (0ms)
			SetupTypeCache (230ms)
				TypeCache.Initialize (229ms)
					TypeCache.ScanAssembly (227ms)
				ResolveRequiredComponents (1ms)
			ReleaseScriptCaches (0ms)
			RebuildScriptCaches (47ms)
			SetupLoadedEditorAssemblies (436ms)
				LogAssemblyErrors (0ms)
				InitializePlatformSupportModulesInManaged (3ms)
				SetLoadedEditorAssemblies (10ms)
				RefreshPlugins (125ms)
				BeforeProcessingInitializeOnLoad (2ms)
				ProcessInitializeOnLoadAttributes (219ms)
				ProcessInitializeOnLoadMethodAttributes (76ms)
				AfterProcessingInitializeOnLoad (0ms)
				EditorAssembliesLoaded (0ms)
			ExecutionOrderSort2 (0ms)
			AwakeInstancesAfterBackupRestoration (0ms)
Platform modules already initialized, skipping
Registering precompiled user dll's ...
Registered in 0.009151 seconds.
DirectoryNotFoundException: Could not find a part of the path 'D:\Unity\2022.1.20f1\Editor\Data\UnityReferenceAssemblies\unity-4.8-api\Facades'.
  at System.IO.Enumeration.FileSystemEnumerator`1[TResult].CreateDirectoryHandle (System.String path, System.Boolean ignoreNotFound) [0x0004d] in <3dd5df5ef4974f29afeb2d3ba227c5da>:0 
  at System.IO.Enumeration.FileSystemEnumerator`1[TResult]..ctor (System.String directory, System.IO.EnumerationOptions options) [0x00050] in <3dd5df5ef4974f29afeb2d3ba227c5da>:0 
  at System.IO.Enumeration.FileSystemEnumerable`1+DelegateEnumerator[TResult]..ctor (System.IO.Enumeration.FileSystemEnumerable`1[TResult] enumerable) [0x00000] in <3dd5df5ef4974f29afeb2d3ba227c5da>:0 
  at System.IO.Enumeration.FileSystemEnumerable`1[TResult]..ctor (System.String directory, System.IO.Enumeration.FileSystemEnumerable`1+FindTransform[TResult] transform, System.IO.EnumerationOptions options) [0x00042] in <3dd5df5ef4974f29afeb2d3ba227c5da>:0 
  at System.IO.Enumeration.FileSystemEnumerableFactory.UserFiles (System.String directory, System.String expression, System.IO.EnumerationOptions options) [0x00014] in <3dd5df5ef4974f29afeb2d3ba227c5da>:0 
  at System.IO.Directory.InternalEnumeratePaths (System.String path, System.String searchPattern, System.IO.SearchTarget searchTarget, System.IO.EnumerationOptions options) [0x0003c] in <3dd5df5ef4974f29afeb2d3ba227c5da>:0 
  at System.IO.Directory.GetFiles (System.String path, System.String searchPattern, System.IO.EnumerationOptions enumerationOptions) [0x00000] in <3dd5df5ef4974f29afeb2d3ba227c5da>:0 
  at System.IO.Directory.GetFiles (System.String path, System.String searchPattern) [0x00007] in <3dd5df5ef4974f29afeb2d3ba227c5da>:0 
  at UnityEditor.Scripting.ScriptCompilation.MonoLibraryHelpers.GetCachedSystemLibraryReferences (UnityEditor.ApiCompatibilityLevel apiCompatibilityLevel) [0x0009e] in <686f40992bed4a6ebc158b4beb1e91db>:0 
  at UnityEditor.Scripting.ScriptCompilation.MonoLibraryHelpers.GetSystemLibraryReferences (UnityEditor.ApiCompatibilityLevel apiCompatibilityLevel) [0x00001] in <686f40992bed4a6ebc158b4beb1e91db>:0 
  at UnityEditor.Scripting.ScriptCompilation.LoadingAssemblyDefinition.SetAllCustomScriptAssemblyJsonContents (System.String[] paths, System.String[] contents, System.String[] guids) [0x00132] in <686f40992bed4a6ebc158b4beb1e91db>:0 
UnityEngine.DebugLogHandler:Internal_LogException(Exception, Object)
UnityEngine.DebugLogHandler:LogException(Exception, Object)
UnityEngine.Logger:LogException(Exception, Object)
UnityEngine.Debug:LogException(Exception)
UnityEditor.Scripting.ScriptCompilation.EditorCompilationInterface:LogException(Exception)
UnityEditor.Scripting.ScriptCompilation.EditorCompilationInterface:EmitExceptionsAsErrors(Exception[])
UnityEditor.Scripting.ScriptCompilation.EditorCompilationInterface:SetAllCustomScriptAssemblyJsonContents(String[], String[], String[])

DirectoryNotFoundException: Could not find a part of the path 'D:\Unity\2022.1.20f1\Editor\Data\UnityReferenceAssemblies\unity-4.8-api\Facades'.
  at System.IO.Enumeration.FileSystemEnumerator`1[TResult].CreateDirectoryHandle (System.String path, System.Boolean ignoreNotFound) [0x0004d] in <3dd5df5ef4974f29afeb2d3ba227c5da>:0 
  at System.IO.Enumeration.FileSystemEnumerator`1[TResult]..ctor (System.String directory, System.IO.EnumerationOptions options) [0x00050] in <3dd5df5ef4974f29afeb2d3ba227c5da>:0 
  at System.IO.Enumeration.FileSystemEnumerable`1+DelegateEnumerator[TResult]..ctor (System.IO.Enumeration.FileSystemEnumerable`1[TResult] enumerable) [0x00000] in <3dd5df5ef4974f29afeb2d3ba227c5da>:0 
  at System.IO.Enumeration.FileSystemEnumerable`1[TResult]..ctor (System.String directory, System.IO.Enumeration.FileSystemEnumerable`1+FindTransform[TResult] transform, System.IO.EnumerationOptions options) [0x00042] in <3dd5df5ef4974f29afeb2d3ba227c5da>:0 
  at System.IO.Enumeration.FileSystemEnumerableFactory.UserFiles (System.String directory, System.String expression, System.IO.EnumerationOptions options) [0x00014] in <3dd5df5ef4974f29afeb2d3ba227c5da>:0 
  at System.IO.Directory.InternalEnumeratePaths (System.String path, System.String searchPattern, System.IO.SearchTarget searchTarget, System.IO.EnumerationOptions options) [0x0003c] in <3dd5df5ef4974f29afeb2d3ba227c5da>:0 
  at System.IO.Directory.GetFiles (System.String path, System.String searchPattern, System.IO.EnumerationOptions enumerationOptions) [0x00000] in <3dd5df5ef4974f29afeb2d3ba227c5da>:0 
  at System.IO.Directory.GetFiles (System.String path, System.String searchPattern) [0x00007] in <3dd5df5ef4974f29afeb2d3ba227c5da>:0 
  at UnityEditor.Scripting.ScriptCompilation.MonoLibraryHelpers.GetCachedSystemLibraryReferences (UnityEditor.ApiCompatibilityLevel apiCompatibilityLevel) [0x0009e] in <686f40992bed4a6ebc158b4beb1e91db>:0 
  at UnityEditor.Scripting.ScriptCompilation.MonoLibraryHelpers.GetSystemLibraryReferences (UnityEditor.ApiCompatibilityLevel apiCompatibilityLevel) [0x00001] in <686f40992bed4a6ebc158b4beb1e91db>:0 
  at UnityEditor.Scripting.ScriptCompilation.LoadingAssemblyDefinition.SetAllCustomScriptAssemblyJsonContents (System.String[] paths, System.String[] contents, System.String[] guids) [0x00132] in <686f40992bed4a6ebc158b4beb1e91db>:0 
UnityEngine.DebugLogHandler:Internal_LogException(Exception, Object)
UnityEngine.DebugLogHandler:LogException(Exception, Object)
UnityEngine.Logger:LogException(Exception, Object)
UnityEngine.Debug:LogException(Exception)
UnityEditor.Scripting.ScriptCompilation.EditorCompilationInterface:LogException(Exception)
UnityEditor.Scripting.ScriptCompilation.EditorCompilationInterface:EmitExceptionsAsErrors(Exception[])
UnityEditor.Scripting.ScriptCompilation.EditorCompilationInterface:SetAllCustomScriptAssemblyJsonContents(String[], String[], String[])

Begin MonoManager ReloadAssembly
Symbol file LoadedFromMemory doesn't match image D:\amber\Documents\Github\ESC657U-N\Group Project\Library\PackageCache\com.unity.visualscripting@1.7.8\Editor\VisualScripting.Core\Dependencies\YamlDotNet\Unity.VisualScripting.YamlDotNet.dll
Symbol file LoadedFromMemory doesn't match image D:\amber\Documents\Github\ESC657U-N\Group Project\Library\PackageCache\com.unity.visualscripting@1.7.8\Editor\VisualScripting.Core\Dependencies\DotNetZip\Unity.VisualScripting.IonicZip.dll
Refreshing native plugins compatible for Editor in 0.93 ms, found 3 plugins.
Preloading 0 native plugins for Editor in 0.00 ms.
DirectoryNotFoundException: Could not find a part of the path 'D:\Unity\2022.1.20f1\Editor\Data\UnityReferenceAssemblies\unity-4.8-api\Facades'.
  at System.IO.Enumeration.FileSystemEnumerator`1[TResult].CreateDirectoryHandle (System.String path, System.Boolean ignoreNotFound) [0x0004d] in <3dd5df5ef4974f29afeb2d3ba227c5da>:0 
  at System.IO.Enumeration.FileSystemEnumerator`1[TResult]..ctor (System.String directory, System.IO.EnumerationOptions options) [0x00050] in <3dd5df5ef4974f29afeb2d3ba227c5da>:0 
  at System.IO.Enumeration.FileSystemEnumerable`1+DelegateEnumerator[TResult]..ctor (System.IO.Enumeration.FileSystemEnumerable`1[TResult] enumerable) [0x00000] in <3dd5df5ef4974f29afeb2d3ba227c5da>:0 
  at System.IO.Enumeration.FileSystemEnumerable`1[TResult]..ctor (System.String directory, System.IO.Enumeration.FileSystemEnumerable`1+FindTransform[TResult] transform, System.IO.EnumerationOptions options) [0x00042] in <3dd5df5ef4974f29afeb2d3ba227c5da>:0 
  at System.IO.Enumeration.FileSystemEnumerableFactory.UserFiles (System.String directory, System.String expression, System.IO.EnumerationOptions options) [0x00014] in <3dd5df5ef4974f29afeb2d3ba227c5da>:0 
  at System.IO.Directory.InternalEnumeratePaths (System.String path, System.String searchPattern, System.IO.SearchTarget searchTarget, System.IO.EnumerationOptions options) [0x0003c] in <3dd5df5ef4974f29afeb2d3ba227c5da>:0 
  at System.IO.Directory.GetFiles (System.String path, System.String searchPattern, System.IO.EnumerationOptions enumerationOptions) [0x00000] in <3dd5df5ef4974f29afeb2d3ba227c5da>:0 
  at System.IO.Directory.GetFiles (System.String path, System.String searchPattern) [0x00007] in <3dd5df5ef4974f29afeb2d3ba227c5da>:0 
  at UnityEditor.Scripting.ScriptCompilation.MonoLibraryHelpers.GetCachedSystemLibraryReferences (UnityEditor.ApiCompatibilityLevel apiCompatibilityLevel) [0x0009e] in <686f40992bed4a6ebc158b4beb1e91db>:0 
  at UnityEditor.Scripting.ScriptCompilation.MonoLibraryHelpers.GetSystemLibraryReferences (UnityEditor.ApiCompatibilityLevel apiCompatibilityLevel) [0x00001] in <686f40992bed4a6ebc158b4beb1e91db>:0 
  at UnityEditor.Scripting.ScriptCompilation.LoadingAssemblyDefinition.SetAllCustomScriptAssemblyJsonContents (System.String[] paths, System.String[] contents, System.String[] guids) [0x00132] in <686f40992bed4a6ebc158b4beb1e91db>:0 
UnityEngine.DebugLogHandler:Internal_LogException(Exception, Object)
UnityEngine.DebugLogHandler:LogException(Exception, Object)
UnityEngine.Logger:LogException(Exception, Object)
UnityEngine.Debug:LogException(Exception)
UnityEditor.Scripting.ScriptCompilation.EditorCompilationInterface:LogException(Exception)
UnityEditor.Scripting.ScriptCompilation.EditorCompilationInterface:EmitExceptionsAsErrors(Exception[])
UnityEditor.Scripting.ScriptCompilation.EditorCompilationInterface:SetAllCustomScriptAssemblyJsonContents(String[], String[], String[])

Mono: successfully reloaded assembly
- Completed reload, in  1.298 seconds
Domain Reload Profiling:
	ReloadAssembly (1299ms)
		BeginReloadAssembly (211ms)
			ExecutionOrderSort (0ms)
			DisableScriptedObjects (8ms)
			BackupInstance (0ms)
			ReleaseScriptingObjects (0ms)
			CreateAndSetChildDomain (31ms)
		EndReloadAssembly (905ms)
			LoadAssemblies (147ms)
			RebuildTransferFunctionScriptingTraits (0ms)
			SetupTypeCache (325ms)
				TypeCache.Initialize (324ms)
					TypeCache.ScanAssembly (319ms)
				ResolveRequiredComponents (1ms)
			ReleaseScriptCaches (1ms)
			RebuildScriptCaches (42ms)
			SetupLoadedEditorAssemblies (357ms)
				LogAssemblyErrors (0ms)
				InitializePlatformSupportModulesInManaged (2ms)
				SetLoadedEditorAssemblies (9ms)
				RefreshPlugins (1ms)
				BeforeProcessingInitializeOnLoad (149ms)
				ProcessInitializeOnLoadAttributes (154ms)
				ProcessInitializeOnLoadMethodAttributes (35ms)
				AfterProcessingInitializeOnLoad (7ms)
				EditorAssembliesLoaded (0ms)
			ExecutionOrderSort2 (0ms)
			AwakeInstancesAfterBackupRestoration (11ms)
Platform modules already initialized, skipping
========================================================================
Worker process is ready to serve import requests
Launched and connected shader compiler UnityShaderCompiler.exe after 0.07 seconds
Refreshing native plugins compatible for Editor in 1.33 ms, found 3 plugins.
Preloading 0 native plugins for Editor in 0.00 ms.
Unloading 3743 Unused Serialized files (Serialized files now loaded: 0)
Unloading 22 unused Assets / (58.4 KB). Loaded Objects now: 4216.
Memory consumption went from 0.57 GB to 0.57 GB.
Total: 6.190600 ms (FindLiveObjects: 0.607400 ms CreateObjectMapping: 0.368200 ms MarkObjects: 5.049200 ms  DeleteObjects: 0.163700 ms)

AssetImportParameters requested are different than current active one (requested -> active):
  custom:video-decoder-ogg-theora: a1e56fd34408186e4bbccfd4996cb3dc -> 
  custom:container-muxer-webm: aa71ff27fc2769a1b78a27578f13a17b -> 
  custom:container-demuxer-webm: 4f35f7cbe854078d1ac9338744f61a02 -> 
  custom:video-encoder-webm-vp8: eb34c28f22e8b96e1ab97ce403110664 -> 
  custom:audio-encoder-webm-vorbis: bf7c407c2cedff20999df2af8eb42d56 -> 
  custom:framework-win-MediaFoundation: 216162199b28c13a410421893ffa2e32 -> 
  custom:container-demuxer-ogg: 62fdf1f143b41e24485cea50d1cbac27 -> 
  custom:video-decoder-webm-vp8: 9c59270c3fd7afecdb556c50c9e8de78 -> 
  custom:audio-decoder-ogg-vorbis: bf7c407c2cedff20999df2af8eb42d56 -> 
========================================================================
Received Import Request.
  Time since last request: 4017.307895 seconds.
  path: Assets/TerrainData_f50ee951-fe77-456c-b56b-1e623e7ae84e.asset
  artifactKey: Guid(4a5dca4ae4355924ab30fe1eb4bebcf3) Importer(815301076,1909f56bfc062723c751e8b465ee728b)
Start importing Assets/TerrainData_f50ee951-fe77-456c-b56b-1e623e7ae84e.asset using Guid(4a5dca4ae4355924ab30fe1eb4bebcf3) Importer(815301076,1909f56bfc062723c751e8b465ee728b)  -> (artifact id: 'd5aa02ac51baca1d7c7aa6f42c71372f') in 0.102733 seconds 
========================================================================
Received Import Request.
  Time since last request: 0.000031 seconds.
  path: Assets/New Terrain.asset
  artifactKey: Guid(1293e3b220ae9f34887f343eb6178a6a) Importer(815301076,1909f56bfc062723c751e8b465ee728b)
Start importing Assets/New Terrain.asset using Guid(1293e3b220ae9f34887f343eb6178a6a) Importer(815301076,1909f56bfc062723c751e8b465ee728b)  -> (artifact id: 'c33e9d8320b550be3390db3c21cd0344') in 0.016173 seconds 
